#
# There is insufficient memory for the Java Runtime Environment to continue.
# Native memory allocation (malloc) failed to allocate 578352 bytes for Chunk::new
# Possible reasons:
#   The system is out of physical RAM or swap space
#   The process is running with CompressedOops enabled, and the Java Heap may be blocking the growth of the native heap
# Possible solutions:
#   Reduce memory load on the system
#   Increase physical memory or swap space
#   Check if swap backing store is full
#   Decrease Java heap size (-Xmx/-Xms)
#   Decrease number of Java threads
#   Decrease Java thread stack sizes (-Xss)
#   Set larger code cache with -XX:ReservedCodeCacheSize=
#   JVM is running with Zero Based Compressed Oops mode in which the Java heap is
#     placed in the first 32GB address space. The Java Heap base address is the
#     maximum limit for the native heap growth. Please use -XX:HeapBaseMinAddress
#     to set the Java Heap base and to place the Java Heap above 32GB virtual address.
# This output file may be truncated or incomplete.
#
#  Out of Memory Error (arena.cpp:191), pid=15980, tid=12044
#
# JRE version: OpenJDK Runtime Environment (17.0.10) (build 17.0.10+0--11609105)
# Java VM: OpenJDK 64-Bit Server VM (17.0.10+0--11609105, mixed mode, tiered, compressed oops, compressed class ptrs, g1 gc, windows-amd64)
# No core dump will be written. Minidumps are not enabled by default on client versions of Windows
#

---------------  S U M M A R Y ------------

Command Line: org.jetbrains.kotlin.cli.jvm.K2JVMCompiler @C:\Users\Franklin Reyes\Desktop\EXPO2024\app\build\20241014_141585675521538172.compiler.options

Host: AMD Ryzen 5 3500U with Radeon Vega Mobile Gfx  , 8 cores, 9G,  Windows 10 , 64 bit Build 19041 (10.0.19041.4957)
Time: Mon Oct 14 00:21:35 2024 Hora estándar, América Central elapsed time: 41.591618 seconds (0d 0h 0m 41s)

---------------  T H R E A D  ---------------

Current thread (0x0000029b9ab6f9b0):  JavaThread "C2 CompilerThread0" daemon [_thread_in_native, id=12044, stack(0x0000009f63b00000,0x0000009f63c00000)]


Current CompileTask:
C2:  41591 21985       4       org.jetbrains.kotlin.backend.common.lower.DefaultArgumentFunctionFactory::generateDefaultsFunction (704 bytes)

Stack: [0x0000009f63b00000,0x0000009f63c00000]
Native frames: (J=compiled Java code, j=interpreted, Vv=VM code, C=native code)
V  [jvm.dll+0x688de9]
V  [jvm.dll+0x8423da]
V  [jvm.dll+0x84401e]
V  [jvm.dll+0x844683]
V  [jvm.dll+0x24be0f]
V  [jvm.dll+0xac524]
V  [jvm.dll+0xacb6c]
V  [jvm.dll+0x36bd67]
V  [jvm.dll+0x33615a]
V  [jvm.dll+0x3355fa]
V  [jvm.dll+0x21daa1]
V  [jvm.dll+0x21cec1]
V  [jvm.dll+0x1a60ad]
V  [jvm.dll+0x22cd78]
V  [jvm.dll+0x22aeb0]
V  [jvm.dll+0x7f6877]
V  [jvm.dll+0x7f0c7a]
V  [jvm.dll+0x687c65]
C  [ucrtbase.dll+0x21bb2]
C  [KERNEL32.DLL+0x17374]
C  [ntdll.dll+0x4cc91]


---------------  P R O C E S S  ---------------

Threads class SMR info:
_java_thread_list=0x0000029b9f9c69c0, length=13, elements={
0x0000029bfd71bfa0, 0x0000029b9aa18270, 0x0000029b9aa19000, 0x0000029b9aa01e80,
0x0000029b9ab6e000, 0x0000029b9ab6e4e0, 0x0000029b9ab6edb0, 0x0000029b9ab6f9b0,
0x0000029b9ab702c0, 0x0000029b9ab73920, 0x0000029b9ace0930, 0x0000029b9acee690,
0x0000029b9ad7b770
}

Java Threads: ( => current thread )
  0x0000029bfd71bfa0 JavaThread "main" [_thread_in_Java, id=2756, stack(0x0000009f62e00000,0x0000009f62f00000)]
  0x0000029b9aa18270 JavaThread "Reference Handler" daemon [_thread_blocked, id=16136, stack(0x0000009f63500000,0x0000009f63600000)]
  0x0000029b9aa19000 JavaThread "Finalizer" daemon [_thread_blocked, id=12860, stack(0x0000009f63600000,0x0000009f63700000)]
  0x0000029b9aa01e80 JavaThread "Signal Dispatcher" daemon [_thread_blocked, id=13320, stack(0x0000009f63700000,0x0000009f63800000)]
  0x0000029b9ab6e000 JavaThread "Attach Listener" daemon [_thread_blocked, id=15772, stack(0x0000009f63800000,0x0000009f63900000)]
  0x0000029b9ab6e4e0 JavaThread "Service Thread" daemon [_thread_blocked, id=2744, stack(0x0000009f63900000,0x0000009f63a00000)]
  0x0000029b9ab6edb0 JavaThread "Monitor Deflation Thread" daemon [_thread_blocked, id=5404, stack(0x0000009f63a00000,0x0000009f63b00000)]
=>0x0000029b9ab6f9b0 JavaThread "C2 CompilerThread0" daemon [_thread_in_native, id=12044, stack(0x0000009f63b00000,0x0000009f63c00000)]
  0x0000029b9ab702c0 JavaThread "C1 CompilerThread0" daemon [_thread_in_native, id=4372, stack(0x0000009f63c00000,0x0000009f63d00000)]
  0x0000029b9ab73920 JavaThread "Sweeper thread" daemon [_thread_blocked, id=2860, stack(0x0000009f63d00000,0x0000009f63e00000)]
  0x0000029b9ace0930 JavaThread "Notification Thread" daemon [_thread_blocked, id=9772, stack(0x0000009f63e00000,0x0000009f63f00000)]
  0x0000029b9acee690 JavaThread "Common-Cleaner" daemon [_thread_blocked, id=11540, stack(0x0000009f64000000,0x0000009f64100000)]
  0x0000029b9ad7b770 JavaThread "C2 CompilerThread1" daemon [_thread_blocked, id=12536, stack(0x0000009f64900000,0x0000009f64a00000)]

Other Threads:
  0x0000029b9a9f4a30 VMThread "VM Thread" [stack: 0x0000009f63400000,0x0000009f63500000] [id=3316]
  0x0000029b9ace0e10 WatcherThread [stack: 0x0000009f63f00000,0x0000009f64000000] [id=13476]
  0x0000029bff8ced30 GCTaskThread "GC Thread#0" [stack: 0x0000009f62f00000,0x0000009f63000000] [id=12580]
  0x0000029b9aedb7b0 GCTaskThread "GC Thread#1" [stack: 0x0000009f64200000,0x0000009f64300000] [id=8488]
  0x0000029b9f3694c0 GCTaskThread "GC Thread#2" [stack: 0x0000009f64300000,0x0000009f64400000] [id=6004]
  0x0000029b9f3ec6b0 GCTaskThread "GC Thread#3" [stack: 0x0000009f64400000,0x0000009f64500000] [id=10328]
  0x0000029b9f3ec970 GCTaskThread "GC Thread#4" [stack: 0x0000009f64500000,0x0000009f64600000] [id=15796]
  0x0000029b9fcdea40 GCTaskThread "GC Thread#5" [stack: 0x0000009f64100000,0x0000009f64200000] [id=9664]
  0x0000029b9ffde050 GCTaskThread "GC Thread#6" [stack: 0x0000009f64600000,0x0000009f64700000] [id=15828]
  0x0000029b9ffde720 GCTaskThread "GC Thread#7" [stack: 0x0000009f64700000,0x0000009f64800000] [id=12368]
  0x0000029bff8d9aa0 ConcurrentGCThread "G1 Main Marker" [stack: 0x0000009f63000000,0x0000009f63100000] [id=11860]
  0x0000029bff8dab70 ConcurrentGCThread "G1 Conc#0" [stack: 0x0000009f63100000,0x0000009f63200000] [id=15472]
  0x0000029b9ad78460 ConcurrentGCThread "G1 Conc#1" [stack: 0x0000009f64800000,0x0000009f64900000] [id=3284]
  0x0000029b9a8624b0 ConcurrentGCThread "G1 Refine#0" [stack: 0x0000009f63200000,0x0000009f63300000] [id=13548]
  0x0000029ba234e640 ConcurrentGCThread "G1 Refine#1" [stack: 0x0000009f64a00000,0x0000009f64b00000] [id=5268]
  0x0000029ba234f4f0 ConcurrentGCThread "G1 Refine#2" [stack: 0x0000009f64b00000,0x0000009f64c00000] [id=4672]
  0x0000029ba234fdc0 ConcurrentGCThread "G1 Refine#3" [stack: 0x0000009f64c00000,0x0000009f64d00000] [id=6256]
  0x0000029ba0b3f9f0 ConcurrentGCThread "G1 Refine#4" [stack: 0x0000009f64d00000,0x0000009f64e00000] [id=8848]
  0x0000029bff92d100 ConcurrentGCThread "G1 Service" [stack: 0x0000009f63300000,0x0000009f63400000] [id=14320]

Threads with active compile tasks:
C2 CompilerThread0    41635 21985       4       org.jetbrains.kotlin.backend.common.lower.DefaultArgumentFunctionFactory::generateDefaultsFunction (704 bytes)
C1 CompilerThread0    41635 22094       3       org.jetbrains.kotlin.backend.jvm.lower.ResolveInlineCalls::visitCall (274 bytes)

VM state: not at safepoint (normal execution)

VM Mutex/Monitor currently owned by a thread: None

Heap address: 0x0000000760e00000, size: 2546 MB, Compressed Oops mode: Zero based, Oop shift amount: 3

CDS archive(s) not mapped
Compressed class space mapped at: 0x0000000800000000-0x0000000840000000, reserved size: 1073741824
Narrow klass base: 0x0000000800000000, Narrow klass shift: 0, Narrow klass range: 0x40000000

GC Precious Log:
 CPUs: 8 total, 8 available
 Memory: 10182M
 Large Page Support: Disabled
 NUMA Support: Disabled
 Compressed Oops: Enabled (Zero based)
 Heap Region Size: 2M
 Heap Min Capacity: 8M
 Heap Initial Capacity: 160M
 Heap Max Capacity: 2546M
 Pre-touch: Disabled
 Parallel Workers: 8
 Concurrent Workers: 2
 Concurrent Refinement Workers: 8
 Periodic GC: Disabled

Heap:
 garbage-first heap   total 610304K, used 196136K [0x0000000760e00000, 0x0000000800000000)
  region size 2048K, 25 young (51200K), 1 survivors (2048K)
 Metaspace       used 88880K, committed 89216K, reserved 1179648K
  class space    used 9513K, committed 9664K, reserved 1048576K

Heap Regions: E=young(eden), S=young(survivor), O=old, HS=humongous(starts), HC=humongous(continues), CS=collection set, F=free, OA=open archive, CA=closed archive, TAMS=top-at-mark-start (previous, next)
|   0|0x0000000760e00000, 0x0000000761000000, 0x0000000761000000|100%|HS|  |TAMS 0x0000000761000000, 0x0000000760e00000| Complete 
|   1|0x0000000761000000, 0x0000000761200000, 0x0000000761200000|100%|HC|  |TAMS 0x0000000761200000, 0x0000000761000000| Complete 
|   2|0x0000000761200000, 0x0000000761400000, 0x0000000761400000|100%| O|  |TAMS 0x0000000761400000, 0x0000000761200000| Untracked 
|   3|0x0000000761400000, 0x0000000761600000, 0x0000000761600000|100%| O|  |TAMS 0x0000000761600000, 0x0000000761400000| Untracked 
|   4|0x0000000761600000, 0x0000000761800000, 0x0000000761800000|100%| O|  |TAMS 0x0000000761800000, 0x0000000761600000| Untracked 
|   5|0x0000000761800000, 0x0000000761a00000, 0x0000000761a00000|100%| O|  |TAMS 0x0000000761a00000, 0x0000000761800000| Untracked 
|   6|0x0000000761a00000, 0x0000000761c00000, 0x0000000761c00000|100%| O|  |TAMS 0x0000000761c00000, 0x0000000761a00000| Untracked 
|   7|0x0000000761c00000, 0x0000000761e00000, 0x0000000761e00000|100%| O|  |TAMS 0x0000000761e00000, 0x0000000761c00000| Untracked 
|   8|0x0000000761e00000, 0x0000000762000000, 0x0000000762000000|100%| O|  |TAMS 0x0000000762000000, 0x0000000761e00000| Untracked 
|   9|0x0000000762000000, 0x0000000762200000, 0x0000000762200000|100%| O|  |TAMS 0x0000000762200000, 0x0000000762000000| Untracked 
|  10|0x0000000762200000, 0x0000000762400000, 0x0000000762400000|100%| O|  |TAMS 0x0000000762400000, 0x0000000762200000| Untracked 
|  11|0x0000000762400000, 0x0000000762600000, 0x0000000762600000|100%| O|  |TAMS 0x0000000762600000, 0x0000000762400000| Untracked 
|  12|0x0000000762600000, 0x0000000762800000, 0x0000000762800000|100%|HS|  |TAMS 0x0000000762800000, 0x0000000762600000| Complete 
|  13|0x0000000762800000, 0x0000000762a00000, 0x0000000762a00000|100%| O|  |TAMS 0x0000000762a00000, 0x0000000762800000| Untracked 
|  14|0x0000000762a00000, 0x0000000762c00000, 0x0000000762c00000|100%| O|  |TAMS 0x0000000762c00000, 0x0000000762a00000| Untracked 
|  15|0x0000000762c00000, 0x0000000762e00000, 0x0000000762e00000|100%| O|  |TAMS 0x0000000762e00000, 0x0000000762c00000| Untracked 
|  16|0x0000000762e00000, 0x0000000763000000, 0x0000000763000000|100%| O|  |TAMS 0x0000000763000000, 0x0000000762e00000| Untracked 
|  17|0x0000000763000000, 0x0000000763200000, 0x0000000763200000|100%| O|  |TAMS 0x0000000763200000, 0x0000000763000000| Untracked 
|  18|0x0000000763200000, 0x0000000763400000, 0x0000000763400000|100%| O|  |TAMS 0x0000000763400000, 0x0000000763200000| Untracked 
|  19|0x0000000763400000, 0x0000000763600000, 0x0000000763600000|100%| O|  |TAMS 0x0000000763600000, 0x0000000763400000| Untracked 
|  20|0x0000000763600000, 0x0000000763800000, 0x0000000763800000|100%| O|  |TAMS 0x0000000763800000, 0x0000000763600000| Untracked 
|  21|0x0000000763800000, 0x0000000763a00000, 0x0000000763a00000|100%| O|  |TAMS 0x0000000763a00000, 0x0000000763800000| Untracked 
|  22|0x0000000763a00000, 0x0000000763c00000, 0x0000000763c00000|100%| O|  |TAMS 0x0000000763c00000, 0x0000000763a00000| Untracked 
|  23|0x0000000763c00000, 0x0000000763e00000, 0x0000000763e00000|100%| O|  |TAMS 0x0000000763e00000, 0x0000000763c00000| Untracked 
|  24|0x0000000763e00000, 0x0000000764000000, 0x0000000764000000|100%| O|  |TAMS 0x0000000764000000, 0x0000000763e00000| Untracked 
|  25|0x0000000764000000, 0x0000000764200000, 0x0000000764200000|100%| O|  |TAMS 0x0000000764200000, 0x0000000764000000| Untracked 
|  26|0x0000000764200000, 0x0000000764400000, 0x0000000764400000|100%| O|  |TAMS 0x0000000764400000, 0x0000000764200000| Untracked 
|  27|0x0000000764400000, 0x0000000764600000, 0x0000000764600000|100%| O|  |TAMS 0x0000000764600000, 0x0000000764400000| Untracked 
|  28|0x0000000764600000, 0x0000000764800000, 0x0000000764800000|100%| O|  |TAMS 0x0000000764800000, 0x0000000764600000| Untracked 
|  29|0x0000000764800000, 0x0000000764a00000, 0x0000000764a00000|100%| O|  |TAMS 0x0000000764a00000, 0x0000000764800000| Untracked 
|  30|0x0000000764a00000, 0x0000000764c00000, 0x0000000764c00000|100%| O|  |TAMS 0x0000000764c00000, 0x0000000764a00000| Untracked 
|  31|0x0000000764c00000, 0x0000000764e00000, 0x0000000764e00000|100%| O|  |TAMS 0x0000000764e00000, 0x0000000764c00000| Untracked 
|  32|0x0000000764e00000, 0x0000000765000000, 0x0000000765000000|100%| O|  |TAMS 0x0000000765000000, 0x0000000764e00000| Untracked 
|  33|0x0000000765000000, 0x0000000765200000, 0x0000000765200000|100%| O|  |TAMS 0x0000000765200000, 0x0000000765000000| Untracked 
|  34|0x0000000765200000, 0x0000000765400000, 0x0000000765400000|100%| O|  |TAMS 0x0000000765400000, 0x0000000765200000| Untracked 
|  35|0x0000000765400000, 0x0000000765600000, 0x0000000765600000|100%| O|  |TAMS 0x0000000765600000, 0x0000000765400000| Untracked 
|  36|0x0000000765600000, 0x0000000765800000, 0x0000000765800000|100%| O|  |TAMS 0x0000000765800000, 0x0000000765600000| Untracked 
|  37|0x0000000765800000, 0x0000000765a00000, 0x0000000765a00000|100%| O|  |TAMS 0x0000000765a00000, 0x0000000765800000| Untracked 
|  38|0x0000000765a00000, 0x0000000765c00000, 0x0000000765c00000|100%| O|  |TAMS 0x0000000765c00000, 0x0000000765a00000| Untracked 
|  39|0x0000000765c00000, 0x0000000765c00000, 0x0000000765e00000|  0%| F|  |TAMS 0x0000000765c00000, 0x0000000765c00000| Untracked 
|  40|0x0000000765e00000, 0x0000000766000000, 0x0000000766000000|100%| O|  |TAMS 0x0000000766000000, 0x0000000765e00000| Untracked 
|  41|0x0000000766000000, 0x0000000766200000, 0x0000000766200000|100%| O|  |TAMS 0x0000000766200000, 0x0000000766000000| Untracked 
|  42|0x0000000766200000, 0x0000000766400000, 0x0000000766400000|100%| O|  |TAMS 0x0000000766400000, 0x0000000766200000| Untracked 
|  43|0x0000000766400000, 0x0000000766600000, 0x0000000766600000|100%| O|  |TAMS 0x0000000766600000, 0x0000000766400000| Untracked 
|  44|0x0000000766600000, 0x0000000766800000, 0x0000000766800000|100%| O|  |TAMS 0x0000000766800000, 0x0000000766600000| Untracked 
|  45|0x0000000766800000, 0x0000000766a00000, 0x0000000766a00000|100%| O|  |TAMS 0x0000000766800000, 0x0000000766800000| Untracked 
|  46|0x0000000766a00000, 0x0000000766c00000, 0x0000000766c00000|100%| O|  |TAMS 0x0000000766b33a00, 0x0000000766a00000| Untracked 
|  47|0x0000000766c00000, 0x0000000766e00000, 0x0000000766e00000|100%| O|  |TAMS 0x0000000766c00000, 0x0000000766c00000| Untracked 
|  48|0x0000000766e00000, 0x0000000767000000, 0x0000000767000000|100%| O|  |TAMS 0x0000000767000000, 0x0000000766e00000| Untracked 
|  49|0x0000000767000000, 0x0000000767200000, 0x0000000767200000|100%| O|  |TAMS 0x0000000767200000, 0x0000000767000000| Untracked 
|  50|0x0000000767200000, 0x0000000767200000, 0x0000000767400000|  0%| F|  |TAMS 0x0000000767200000, 0x0000000767200000| Untracked 
|  51|0x0000000767400000, 0x00000007674c9000, 0x0000000767600000| 39%| O|  |TAMS 0x0000000767400000, 0x0000000767400000| Untracked 
|  52|0x0000000767600000, 0x0000000767600000, 0x0000000767800000|  0%| F|  |TAMS 0x0000000767600000, 0x0000000767600000| Untracked 
|  53|0x0000000767800000, 0x0000000767a00000, 0x0000000767a00000|100%| O|  |TAMS 0x0000000767a00000, 0x0000000767800000| Untracked 
|  54|0x0000000767a00000, 0x0000000767c00000, 0x0000000767c00000|100%| O|  |TAMS 0x0000000767c00000, 0x0000000767a00000| Untracked 
|  55|0x0000000767c00000, 0x0000000767c00000, 0x0000000767e00000|  0%| F|  |TAMS 0x0000000767c00000, 0x0000000767c00000| Untracked 
|  56|0x0000000767e00000, 0x0000000767e00000, 0x0000000768000000|  0%| F|  |TAMS 0x0000000767e00000, 0x0000000767e00000| Untracked 
|  57|0x0000000768000000, 0x0000000768200000, 0x0000000768200000|100%| O|  |TAMS 0x0000000768200000, 0x0000000768000000| Untracked 
|  58|0x0000000768200000, 0x0000000768400000, 0x0000000768400000|100%| O|  |TAMS 0x0000000768400000, 0x0000000768200000| Untracked 
|  59|0x0000000768400000, 0x0000000768600000, 0x0000000768600000|100%| O|  |TAMS 0x0000000768600000, 0x0000000768400000| Untracked 
|  60|0x0000000768600000, 0x0000000768800000, 0x0000000768800000|100%| O|  |TAMS 0x0000000768800000, 0x0000000768600000| Untracked 
|  61|0x0000000768800000, 0x0000000768a00000, 0x0000000768a00000|100%| O|  |TAMS 0x0000000768a00000, 0x0000000768800000| Untracked 
|  62|0x0000000768a00000, 0x0000000768c00000, 0x0000000768c00000|100%| O|  |TAMS 0x0000000768c00000, 0x0000000768a00000| Untracked 
|  63|0x0000000768c00000, 0x0000000768e00000, 0x0000000768e00000|100%| O|  |TAMS 0x0000000768e00000, 0x0000000768c00000| Untracked 
|  64|0x0000000768e00000, 0x0000000769000000, 0x0000000769000000|100%| O|  |TAMS 0x0000000769000000, 0x0000000768e00000| Untracked 
|  65|0x0000000769000000, 0x0000000769200000, 0x0000000769200000|100%| O|  |TAMS 0x0000000769200000, 0x0000000769000000| Untracked 
|  66|0x0000000769200000, 0x0000000769400000, 0x0000000769400000|100%| O|  |TAMS 0x0000000769400000, 0x0000000769200000| Untracked 
|  67|0x0000000769400000, 0x0000000769600000, 0x0000000769600000|100%| O|  |TAMS 0x0000000769600000, 0x0000000769400000| Untracked 
|  68|0x0000000769600000, 0x0000000769800000, 0x0000000769800000|100%| O|  |TAMS 0x0000000769800000, 0x0000000769600000| Untracked 
|  69|0x0000000769800000, 0x0000000769a00000, 0x0000000769a00000|100%| O|  |TAMS 0x0000000769a00000, 0x0000000769800000| Untracked 
|  70|0x0000000769a00000, 0x0000000769c00000, 0x0000000769c00000|100%| O|  |TAMS 0x0000000769c00000, 0x0000000769a00000| Untracked 
|  71|0x0000000769c00000, 0x0000000769e00000, 0x0000000769e00000|100%| O|  |TAMS 0x0000000769e00000, 0x0000000769c00000| Untracked 
|  72|0x0000000769e00000, 0x000000076a000000, 0x000000076a000000|100%| O|  |TAMS 0x000000076a000000, 0x0000000769e00000| Untracked 
|  73|0x000000076a000000, 0x000000076a200000, 0x000000076a200000|100%| O|  |TAMS 0x000000076a200000, 0x000000076a000000| Untracked 
|  74|0x000000076a200000, 0x000000076a400000, 0x000000076a400000|100%| O|  |TAMS 0x000000076a400000, 0x000000076a200000| Untracked 
|  75|0x000000076a400000, 0x000000076a600000, 0x000000076a600000|100%| O|  |TAMS 0x000000076a600000, 0x000000076a400000| Untracked 
|  76|0x000000076a600000, 0x000000076a800000, 0x000000076a800000|100%| O|  |TAMS 0x000000076a800000, 0x000000076a600000| Untracked 
|  77|0x000000076a800000, 0x000000076aa00000, 0x000000076aa00000|100%| O|  |TAMS 0x000000076aa00000, 0x000000076a800000| Untracked 
|  78|0x000000076aa00000, 0x000000076aa00000, 0x000000076ac00000|  0%| F|  |TAMS 0x000000076aa00000, 0x000000076aa00000| Untracked 
|  79|0x000000076ac00000, 0x000000076ac00000, 0x000000076ae00000|  0%| F|  |TAMS 0x000000076ac00000, 0x000000076ac00000| Untracked 
|  80|0x000000076ae00000, 0x000000076ae00000, 0x000000076b000000|  0%| F|  |TAMS 0x000000076ae00000, 0x000000076ae00000| Untracked 
|  81|0x000000076b000000, 0x000000076b000000, 0x000000076b200000|  0%| F|  |TAMS 0x000000076b000000, 0x000000076b000000| Untracked 
|  82|0x000000076b200000, 0x000000076b200000, 0x000000076b400000|  0%| F|  |TAMS 0x000000076b200000, 0x000000076b200000| Untracked 
|  83|0x000000076b400000, 0x000000076b400000, 0x000000076b600000|  0%| F|  |TAMS 0x000000076b400000, 0x000000076b400000| Untracked 
|  84|0x000000076b600000, 0x000000076b600000, 0x000000076b800000|  0%| F|  |TAMS 0x000000076b600000, 0x000000076b600000| Untracked 
|  85|0x000000076b800000, 0x000000076b800000, 0x000000076ba00000|  0%| F|  |TAMS 0x000000076b800000, 0x000000076b800000| Untracked 
|  86|0x000000076ba00000, 0x000000076ba00000, 0x000000076bc00000|  0%| F|  |TAMS 0x000000076ba00000, 0x000000076ba00000| Untracked 
|  87|0x000000076bc00000, 0x000000076bc00000, 0x000000076be00000|  0%| F|  |TAMS 0x000000076bc00000, 0x000000076bc00000| Untracked 
|  88|0x000000076be00000, 0x000000076be00000, 0x000000076c000000|  0%| F|  |TAMS 0x000000076be00000, 0x000000076be00000| Untracked 
|  89|0x000000076c000000, 0x000000076c000000, 0x000000076c200000|  0%| F|  |TAMS 0x000000076c000000, 0x000000076c000000| Untracked 
|  90|0x000000076c200000, 0x000000076c200000, 0x000000076c400000|  0%| F|  |TAMS 0x000000076c200000, 0x000000076c200000| Untracked 
|  91|0x000000076c400000, 0x000000076c400000, 0x000000076c600000|  0%| F|  |TAMS 0x000000076c400000, 0x000000076c400000| Untracked 
|  92|0x000000076c600000, 0x000000076c600000, 0x000000076c800000|  0%| F|  |TAMS 0x000000076c600000, 0x000000076c600000| Untracked 
|  93|0x000000076c800000, 0x000000076c800000, 0x000000076ca00000|  0%| F|  |TAMS 0x000000076c800000, 0x000000076c800000| Untracked 
|  94|0x000000076ca00000, 0x000000076ca00000, 0x000000076cc00000|  0%| F|  |TAMS 0x000000076ca00000, 0x000000076ca00000| Untracked 
|  95|0x000000076cc00000, 0x000000076cc00000, 0x000000076ce00000|  0%| F|  |TAMS 0x000000076cc00000, 0x000000076cc00000| Untracked 
|  96|0x000000076ce00000, 0x000000076ce00000, 0x000000076d000000|  0%| F|  |TAMS 0x000000076ce00000, 0x000000076ce00000| Untracked 
|  97|0x000000076d000000, 0x000000076d000000, 0x000000076d200000|  0%| F|  |TAMS 0x000000076d000000, 0x000000076d000000| Untracked 
|  98|0x000000076d200000, 0x000000076d200000, 0x000000076d400000|  0%| F|  |TAMS 0x000000076d200000, 0x000000076d200000| Untracked 
|  99|0x000000076d400000, 0x000000076d400000, 0x000000076d600000|  0%| F|  |TAMS 0x000000076d400000, 0x000000076d400000| Untracked 
| 100|0x000000076d600000, 0x000000076d600000, 0x000000076d800000|  0%| F|  |TAMS 0x000000076d600000, 0x000000076d600000| Untracked 
| 101|0x000000076d800000, 0x000000076d800000, 0x000000076da00000|  0%| F|  |TAMS 0x000000076d800000, 0x000000076d800000| Untracked 
| 102|0x000000076da00000, 0x000000076da00000, 0x000000076dc00000|  0%| F|  |TAMS 0x000000076da00000, 0x000000076da00000| Untracked 
| 103|0x000000076dc00000, 0x000000076dc00000, 0x000000076de00000|  0%| F|  |TAMS 0x000000076dc00000, 0x000000076dc00000| Untracked 
| 104|0x000000076de00000, 0x000000076de00000, 0x000000076e000000|  0%| F|  |TAMS 0x000000076de00000, 0x000000076de00000| Untracked 
| 105|0x000000076e000000, 0x000000076e000000, 0x000000076e200000|  0%| F|  |TAMS 0x000000076e000000, 0x000000076e000000| Untracked 
| 106|0x000000076e200000, 0x000000076e200000, 0x000000076e400000|  0%| F|  |TAMS 0x000000076e200000, 0x000000076e200000| Untracked 
| 107|0x000000076e400000, 0x000000076e400000, 0x000000076e600000|  0%| F|  |TAMS 0x000000076e400000, 0x000000076e400000| Untracked 
| 108|0x000000076e600000, 0x000000076e600000, 0x000000076e800000|  0%| F|  |TAMS 0x000000076e600000, 0x000000076e600000| Untracked 
| 109|0x000000076e800000, 0x000000076e800000, 0x000000076ea00000|  0%| F|  |TAMS 0x000000076e800000, 0x000000076e800000| Untracked 
| 110|0x000000076ea00000, 0x000000076ea00000, 0x000000076ec00000|  0%| F|  |TAMS 0x000000076ea00000, 0x000000076ea00000| Untracked 
| 111|0x000000076ec00000, 0x000000076ec00000, 0x000000076ee00000|  0%| F|  |TAMS 0x000000076ec00000, 0x000000076ec00000| Untracked 
| 112|0x000000076ee00000, 0x000000076ee00000, 0x000000076f000000|  0%| F|  |TAMS 0x000000076ee00000, 0x000000076ee00000| Untracked 
| 113|0x000000076f000000, 0x000000076f000000, 0x000000076f200000|  0%| F|  |TAMS 0x000000076f000000, 0x000000076f000000| Untracked 
| 114|0x000000076f200000, 0x000000076f200000, 0x000000076f400000|  0%| F|  |TAMS 0x000000076f200000, 0x000000076f200000| Untracked 
| 115|0x000000076f400000, 0x000000076f400000, 0x000000076f600000|  0%| F|  |TAMS 0x000000076f400000, 0x000000076f400000| Untracked 
| 116|0x000000076f600000, 0x000000076f600000, 0x000000076f800000|  0%| F|  |TAMS 0x000000076f600000, 0x000000076f600000| Untracked 
| 117|0x000000076f800000, 0x000000076f800000, 0x000000076fa00000|  0%| F|  |TAMS 0x000000076f800000, 0x000000076f800000| Untracked 
| 118|0x000000076fa00000, 0x000000076fa00000, 0x000000076fc00000|  0%| F|  |TAMS 0x000000076fa00000, 0x000000076fa00000| Untracked 
| 119|0x000000076fc00000, 0x000000076fc00000, 0x000000076fe00000|  0%| F|  |TAMS 0x000000076fc00000, 0x000000076fc00000| Untracked 
| 120|0x000000076fe00000, 0x000000076fe00000, 0x0000000770000000|  0%| F|  |TAMS 0x000000076fe00000, 0x000000076fe00000| Untracked 
| 121|0x0000000770000000, 0x0000000770000000, 0x0000000770200000|  0%| F|  |TAMS 0x0000000770000000, 0x0000000770000000| Untracked 
| 122|0x0000000770200000, 0x0000000770200000, 0x0000000770400000|  0%| F|  |TAMS 0x0000000770200000, 0x0000000770200000| Untracked 
| 123|0x0000000770400000, 0x0000000770400000, 0x0000000770600000|  0%| F|  |TAMS 0x0000000770400000, 0x0000000770400000| Untracked 
| 124|0x0000000770600000, 0x0000000770600000, 0x0000000770800000|  0%| F|  |TAMS 0x0000000770600000, 0x0000000770600000| Untracked 
| 125|0x0000000770800000, 0x0000000770800000, 0x0000000770a00000|  0%| F|  |TAMS 0x0000000770800000, 0x0000000770800000| Untracked 
| 126|0x0000000770a00000, 0x0000000770a00000, 0x0000000770c00000|  0%| F|  |TAMS 0x0000000770a00000, 0x0000000770a00000| Untracked 
| 127|0x0000000770c00000, 0x0000000770c00000, 0x0000000770e00000|  0%| F|  |TAMS 0x0000000770c00000, 0x0000000770c00000| Untracked 
| 128|0x0000000770e00000, 0x0000000770e00000, 0x0000000771000000|  0%| F|  |TAMS 0x0000000770e00000, 0x0000000770e00000| Untracked 
| 129|0x0000000771000000, 0x0000000771000000, 0x0000000771200000|  0%| F|  |TAMS 0x0000000771000000, 0x0000000771000000| Untracked 
| 130|0x0000000771200000, 0x0000000771200000, 0x0000000771400000|  0%| F|  |TAMS 0x0000000771200000, 0x0000000771200000| Untracked 
| 131|0x0000000771400000, 0x0000000771400000, 0x0000000771600000|  0%| F|  |TAMS 0x0000000771400000, 0x0000000771400000| Untracked 
| 132|0x0000000771600000, 0x0000000771600000, 0x0000000771800000|  0%| F|  |TAMS 0x0000000771600000, 0x0000000771600000| Untracked 
| 133|0x0000000771800000, 0x0000000771800000, 0x0000000771a00000|  0%| F|  |TAMS 0x0000000771800000, 0x0000000771800000| Untracked 
| 134|0x0000000771a00000, 0x0000000771a00000, 0x0000000771c00000|  0%| F|  |TAMS 0x0000000771a00000, 0x0000000771a00000| Untracked 
| 135|0x0000000771c00000, 0x0000000771c00000, 0x0000000771e00000|  0%| F|  |TAMS 0x0000000771c00000, 0x0000000771c00000| Untracked 
| 136|0x0000000771e00000, 0x0000000771e00000, 0x0000000772000000|  0%| F|  |TAMS 0x0000000771e00000, 0x0000000771e00000| Untracked 
| 137|0x0000000772000000, 0x0000000772000000, 0x0000000772200000|  0%| F|  |TAMS 0x0000000772000000, 0x0000000772000000| Untracked 
| 138|0x0000000772200000, 0x0000000772200000, 0x0000000772400000|  0%| F|  |TAMS 0x0000000772200000, 0x0000000772200000| Untracked 
| 139|0x0000000772400000, 0x0000000772400000, 0x0000000772600000|  0%| F|  |TAMS 0x0000000772400000, 0x0000000772400000| Untracked 
| 140|0x0000000772600000, 0x0000000772600000, 0x0000000772800000|  0%| F|  |TAMS 0x0000000772600000, 0x0000000772600000| Untracked 
| 141|0x0000000772800000, 0x0000000772800000, 0x0000000772a00000|  0%| F|  |TAMS 0x0000000772800000, 0x0000000772800000| Untracked 
| 142|0x0000000772a00000, 0x0000000772a00000, 0x0000000772c00000|  0%| F|  |TAMS 0x0000000772a00000, 0x0000000772a00000| Untracked 
| 143|0x0000000772c00000, 0x0000000772c00000, 0x0000000772e00000|  0%| F|  |TAMS 0x0000000772c00000, 0x0000000772c00000| Untracked 
| 144|0x0000000772e00000, 0x0000000772ec1050, 0x0000000773000000| 37%| S|CS|TAMS 0x0000000772e00000, 0x0000000772e00000| Complete 
| 145|0x0000000773000000, 0x0000000773000000, 0x0000000773200000|  0%| F|  |TAMS 0x0000000773000000, 0x0000000773000000| Untracked 
| 146|0x0000000773200000, 0x0000000773200000, 0x0000000773400000|  0%| F|  |TAMS 0x0000000773200000, 0x0000000773200000| Untracked 
| 147|0x0000000773400000, 0x0000000773400000, 0x0000000773600000|  0%| F|  |TAMS 0x0000000773400000, 0x0000000773400000| Untracked 
| 148|0x0000000773600000, 0x0000000773600000, 0x0000000773800000|  0%| F|  |TAMS 0x0000000773600000, 0x0000000773600000| Untracked 
| 149|0x0000000773800000, 0x0000000773800000, 0x0000000773a00000|  0%| F|  |TAMS 0x0000000773800000, 0x0000000773800000| Untracked 
| 150|0x0000000773a00000, 0x0000000773a00000, 0x0000000773c00000|  0%| F|  |TAMS 0x0000000773a00000, 0x0000000773a00000| Untracked 
| 151|0x0000000773c00000, 0x0000000773c00000, 0x0000000773e00000|  0%| F|  |TAMS 0x0000000773c00000, 0x0000000773c00000| Untracked 
| 152|0x0000000773e00000, 0x0000000773e00000, 0x0000000774000000|  0%| F|  |TAMS 0x0000000773e00000, 0x0000000773e00000| Untracked 
| 153|0x0000000774000000, 0x0000000774000000, 0x0000000774200000|  0%| F|  |TAMS 0x0000000774000000, 0x0000000774000000| Untracked 
| 154|0x0000000774200000, 0x0000000774200000, 0x0000000774400000|  0%| F|  |TAMS 0x0000000774200000, 0x0000000774200000| Untracked 
| 155|0x0000000774400000, 0x0000000774400000, 0x0000000774600000|  0%| F|  |TAMS 0x0000000774400000, 0x0000000774400000| Untracked 
| 156|0x0000000774600000, 0x0000000774600000, 0x0000000774800000|  0%| F|  |TAMS 0x0000000774600000, 0x0000000774600000| Untracked 
| 157|0x0000000774800000, 0x0000000774800000, 0x0000000774a00000|  0%| F|  |TAMS 0x0000000774800000, 0x0000000774800000| Untracked 
| 158|0x0000000774a00000, 0x0000000774a00000, 0x0000000774c00000|  0%| F|  |TAMS 0x0000000774a00000, 0x0000000774a00000| Untracked 
| 159|0x0000000774c00000, 0x0000000774c00000, 0x0000000774e00000|  0%| F|  |TAMS 0x0000000774c00000, 0x0000000774c00000| Untracked 
| 160|0x0000000774e00000, 0x0000000774e00000, 0x0000000775000000|  0%| F|  |TAMS 0x0000000774e00000, 0x0000000774e00000| Untracked 
| 161|0x0000000775000000, 0x0000000775000000, 0x0000000775200000|  0%| F|  |TAMS 0x0000000775000000, 0x0000000775000000| Untracked 
| 162|0x0000000775200000, 0x0000000775200000, 0x0000000775400000|  0%| F|  |TAMS 0x0000000775200000, 0x0000000775200000| Untracked 
| 163|0x0000000775400000, 0x0000000775400000, 0x0000000775600000|  0%| F|  |TAMS 0x0000000775400000, 0x0000000775400000| Untracked 
| 164|0x0000000775600000, 0x0000000775600000, 0x0000000775800000|  0%| F|  |TAMS 0x0000000775600000, 0x0000000775600000| Untracked 
| 165|0x0000000775800000, 0x0000000775800000, 0x0000000775a00000|  0%| F|  |TAMS 0x0000000775800000, 0x0000000775800000| Untracked 
| 166|0x0000000775a00000, 0x0000000775a00000, 0x0000000775c00000|  0%| F|  |TAMS 0x0000000775a00000, 0x0000000775a00000| Untracked 
| 167|0x0000000775c00000, 0x0000000775c00000, 0x0000000775e00000|  0%| F|  |TAMS 0x0000000775c00000, 0x0000000775c00000| Untracked 
| 168|0x0000000775e00000, 0x0000000775e00000, 0x0000000776000000|  0%| F|  |TAMS 0x0000000775e00000, 0x0000000775e00000| Untracked 
| 169|0x0000000776000000, 0x0000000776000000, 0x0000000776200000|  0%| F|  |TAMS 0x0000000776000000, 0x0000000776000000| Untracked 
| 170|0x0000000776200000, 0x0000000776200000, 0x0000000776400000|  0%| F|  |TAMS 0x0000000776200000, 0x0000000776200000| Untracked 
| 171|0x0000000776400000, 0x0000000776400000, 0x0000000776600000|  0%| F|  |TAMS 0x0000000776400000, 0x0000000776400000| Untracked 
| 172|0x0000000776600000, 0x0000000776600000, 0x0000000776800000|  0%| F|  |TAMS 0x0000000776600000, 0x0000000776600000| Untracked 
| 173|0x0000000776800000, 0x0000000776800000, 0x0000000776a00000|  0%| F|  |TAMS 0x0000000776800000, 0x0000000776800000| Untracked 
| 174|0x0000000776a00000, 0x0000000776a00000, 0x0000000776c00000|  0%| F|  |TAMS 0x0000000776a00000, 0x0000000776a00000| Untracked 
| 175|0x0000000776c00000, 0x0000000776c00000, 0x0000000776e00000|  0%| F|  |TAMS 0x0000000776c00000, 0x0000000776c00000| Untracked 
| 176|0x0000000776e00000, 0x0000000776e00000, 0x0000000777000000|  0%| F|  |TAMS 0x0000000776e00000, 0x0000000776e00000| Untracked 
| 177|0x0000000777000000, 0x0000000777000000, 0x0000000777200000|  0%| F|  |TAMS 0x0000000777000000, 0x0000000777000000| Untracked 
| 178|0x0000000777200000, 0x0000000777200000, 0x0000000777400000|  0%| F|  |TAMS 0x0000000777200000, 0x0000000777200000| Untracked 
| 179|0x0000000777400000, 0x0000000777400000, 0x0000000777600000|  0%| F|  |TAMS 0x0000000777400000, 0x0000000777400000| Untracked 
| 180|0x0000000777600000, 0x0000000777600000, 0x0000000777800000|  0%| F|  |TAMS 0x0000000777600000, 0x0000000777600000| Untracked 
| 181|0x0000000777800000, 0x0000000777800000, 0x0000000777a00000|  0%| F|  |TAMS 0x0000000777800000, 0x0000000777800000| Untracked 
| 182|0x0000000777a00000, 0x0000000777a00000, 0x0000000777c00000|  0%| F|  |TAMS 0x0000000777a00000, 0x0000000777a00000| Untracked 
| 183|0x0000000777c00000, 0x0000000777c00000, 0x0000000777e00000|  0%| F|  |TAMS 0x0000000777c00000, 0x0000000777c00000| Untracked 
| 184|0x0000000777e00000, 0x0000000777e00000, 0x0000000778000000|  0%| F|  |TAMS 0x0000000777e00000, 0x0000000777e00000| Untracked 
| 185|0x0000000778000000, 0x0000000778000000, 0x0000000778200000|  0%| F|  |TAMS 0x0000000778000000, 0x0000000778000000| Untracked 
| 186|0x0000000778200000, 0x0000000778200000, 0x0000000778400000|  0%| F|  |TAMS 0x0000000778200000, 0x0000000778200000| Untracked 
| 187|0x0000000778400000, 0x0000000778400000, 0x0000000778600000|  0%| F|  |TAMS 0x0000000778400000, 0x0000000778400000| Untracked 
| 188|0x0000000778600000, 0x0000000778600000, 0x0000000778800000|  0%| F|  |TAMS 0x0000000778600000, 0x0000000778600000| Untracked 
| 189|0x0000000778800000, 0x0000000778800000, 0x0000000778a00000|  0%| F|  |TAMS 0x0000000778800000, 0x0000000778800000| Untracked 
| 190|0x0000000778a00000, 0x0000000778a00000, 0x0000000778c00000|  0%| F|  |TAMS 0x0000000778a00000, 0x0000000778a00000| Untracked 
| 191|0x0000000778c00000, 0x0000000778c00000, 0x0000000778e00000|  0%| F|  |TAMS 0x0000000778c00000, 0x0000000778c00000| Untracked 
| 192|0x0000000778e00000, 0x0000000778e00000, 0x0000000779000000|  0%| F|  |TAMS 0x0000000778e00000, 0x0000000778e00000| Untracked 
| 193|0x0000000779000000, 0x0000000779000000, 0x0000000779200000|  0%| F|  |TAMS 0x0000000779000000, 0x0000000779000000| Untracked 
| 194|0x0000000779200000, 0x0000000779200000, 0x0000000779400000|  0%| F|  |TAMS 0x0000000779200000, 0x0000000779200000| Untracked 
| 195|0x0000000779400000, 0x0000000779400000, 0x0000000779600000|  0%| F|  |TAMS 0x0000000779400000, 0x0000000779400000| Untracked 
| 196|0x0000000779600000, 0x0000000779600000, 0x0000000779800000|  0%| F|  |TAMS 0x0000000779600000, 0x0000000779600000| Untracked 
| 197|0x0000000779800000, 0x0000000779800000, 0x0000000779a00000|  0%| F|  |TAMS 0x0000000779800000, 0x0000000779800000| Untracked 
| 198|0x0000000779a00000, 0x0000000779a00000, 0x0000000779c00000|  0%| F|  |TAMS 0x0000000779a00000, 0x0000000779a00000| Untracked 
| 199|0x0000000779c00000, 0x0000000779c00000, 0x0000000779e00000|  0%| F|  |TAMS 0x0000000779c00000, 0x0000000779c00000| Untracked 
| 200|0x0000000779e00000, 0x0000000779e00000, 0x000000077a000000|  0%| F|  |TAMS 0x0000000779e00000, 0x0000000779e00000| Untracked 
| 201|0x000000077a000000, 0x000000077a000000, 0x000000077a200000|  0%| F|  |TAMS 0x000000077a000000, 0x000000077a000000| Untracked 
| 202|0x000000077a200000, 0x000000077a200000, 0x000000077a400000|  0%| F|  |TAMS 0x000000077a200000, 0x000000077a200000| Untracked 
| 203|0x000000077a400000, 0x000000077a400000, 0x000000077a600000|  0%| F|  |TAMS 0x000000077a400000, 0x000000077a400000| Untracked 
| 204|0x000000077a600000, 0x000000077a600000, 0x000000077a800000|  0%| F|  |TAMS 0x000000077a600000, 0x000000077a600000| Untracked 
| 205|0x000000077a800000, 0x000000077a800000, 0x000000077aa00000|  0%| F|  |TAMS 0x000000077a800000, 0x000000077a800000| Untracked 
| 206|0x000000077aa00000, 0x000000077aa00000, 0x000000077ac00000|  0%| F|  |TAMS 0x000000077aa00000, 0x000000077aa00000| Untracked 
| 207|0x000000077ac00000, 0x000000077ac00000, 0x000000077ae00000|  0%| F|  |TAMS 0x000000077ac00000, 0x000000077ac00000| Untracked 
| 208|0x000000077ae00000, 0x000000077ae00000, 0x000000077b000000|  0%| F|  |TAMS 0x000000077ae00000, 0x000000077ae00000| Untracked 
| 209|0x000000077b000000, 0x000000077b000000, 0x000000077b200000|  0%| F|  |TAMS 0x000000077b000000, 0x000000077b000000| Untracked 
| 210|0x000000077b200000, 0x000000077b200000, 0x000000077b400000|  0%| F|  |TAMS 0x000000077b200000, 0x000000077b200000| Untracked 
| 211|0x000000077b400000, 0x000000077b400000, 0x000000077b600000|  0%| F|  |TAMS 0x000000077b400000, 0x000000077b400000| Untracked 
| 212|0x000000077b600000, 0x000000077b600000, 0x000000077b800000|  0%| F|  |TAMS 0x000000077b600000, 0x000000077b600000| Untracked 
| 213|0x000000077b800000, 0x000000077b800000, 0x000000077ba00000|  0%| F|  |TAMS 0x000000077b800000, 0x000000077b800000| Untracked 
| 214|0x000000077ba00000, 0x000000077ba00000, 0x000000077bc00000|  0%| F|  |TAMS 0x000000077ba00000, 0x000000077ba00000| Untracked 
| 215|0x000000077bc00000, 0x000000077bc00000, 0x000000077be00000|  0%| F|  |TAMS 0x000000077bc00000, 0x000000077bc00000| Untracked 
| 216|0x000000077be00000, 0x000000077be00000, 0x000000077c000000|  0%| F|  |TAMS 0x000000077be00000, 0x000000077be00000| Untracked 
| 217|0x000000077c000000, 0x000000077c000000, 0x000000077c200000|  0%| F|  |TAMS 0x000000077c000000, 0x000000077c000000| Untracked 
| 218|0x000000077c200000, 0x000000077c200000, 0x000000077c400000|  0%| F|  |TAMS 0x000000077c200000, 0x000000077c200000| Untracked 
| 219|0x000000077c400000, 0x000000077c400000, 0x000000077c600000|  0%| F|  |TAMS 0x000000077c400000, 0x000000077c400000| Untracked 
| 220|0x000000077c600000, 0x000000077c600000, 0x000000077c800000|  0%| F|  |TAMS 0x000000077c600000, 0x000000077c600000| Untracked 
| 221|0x000000077c800000, 0x000000077c800000, 0x000000077ca00000|  0%| F|  |TAMS 0x000000077c800000, 0x000000077c800000| Untracked 
| 222|0x000000077ca00000, 0x000000077ca00000, 0x000000077cc00000|  0%| F|  |TAMS 0x000000077ca00000, 0x000000077ca00000| Untracked 
| 223|0x000000077cc00000, 0x000000077cc00000, 0x000000077ce00000|  0%| F|  |TAMS 0x000000077cc00000, 0x000000077cc00000| Untracked 
| 224|0x000000077ce00000, 0x000000077ce00000, 0x000000077d000000|  0%| F|  |TAMS 0x000000077ce00000, 0x000000077ce00000| Untracked 
| 225|0x000000077d000000, 0x000000077d000000, 0x000000077d200000|  0%| F|  |TAMS 0x000000077d000000, 0x000000077d000000| Untracked 
| 226|0x000000077d200000, 0x000000077d200000, 0x000000077d400000|  0%| F|  |TAMS 0x000000077d200000, 0x000000077d200000| Untracked 
| 227|0x000000077d400000, 0x000000077d400000, 0x000000077d600000|  0%| F|  |TAMS 0x000000077d400000, 0x000000077d400000| Untracked 
| 228|0x000000077d600000, 0x000000077d600000, 0x000000077d800000|  0%| F|  |TAMS 0x000000077d600000, 0x000000077d600000| Untracked 
| 229|0x000000077d800000, 0x000000077d800000, 0x000000077da00000|  0%| F|  |TAMS 0x000000077d800000, 0x000000077d800000| Untracked 
| 230|0x000000077da00000, 0x000000077da00000, 0x000000077dc00000|  0%| F|  |TAMS 0x000000077da00000, 0x000000077da00000| Untracked 
| 231|0x000000077dc00000, 0x000000077dc00000, 0x000000077de00000|  0%| F|  |TAMS 0x000000077dc00000, 0x000000077dc00000| Untracked 
| 232|0x000000077de00000, 0x000000077de00000, 0x000000077e000000|  0%| F|  |TAMS 0x000000077de00000, 0x000000077de00000| Untracked 
| 233|0x000000077e000000, 0x000000077e000000, 0x000000077e200000|  0%| F|  |TAMS 0x000000077e000000, 0x000000077e000000| Untracked 
| 234|0x000000077e200000, 0x000000077e200000, 0x000000077e400000|  0%| F|  |TAMS 0x000000077e200000, 0x000000077e200000| Untracked 
| 235|0x000000077e400000, 0x000000077e400000, 0x000000077e600000|  0%| F|  |TAMS 0x000000077e400000, 0x000000077e400000| Untracked 
| 236|0x000000077e600000, 0x000000077e600000, 0x000000077e800000|  0%| F|  |TAMS 0x000000077e600000, 0x000000077e600000| Untracked 
| 237|0x000000077e800000, 0x000000077e800000, 0x000000077ea00000|  0%| F|  |TAMS 0x000000077e800000, 0x000000077e800000| Untracked 
| 238|0x000000077ea00000, 0x000000077ea00000, 0x000000077ec00000|  0%| F|  |TAMS 0x000000077ea00000, 0x000000077ea00000| Untracked 
| 239|0x000000077ec00000, 0x000000077ec00000, 0x000000077ee00000|  0%| F|  |TAMS 0x000000077ec00000, 0x000000077ec00000| Untracked 
| 240|0x000000077ee00000, 0x000000077ee00000, 0x000000077f000000|  0%| F|  |TAMS 0x000000077ee00000, 0x000000077ee00000| Untracked 
| 241|0x000000077f000000, 0x000000077f000000, 0x000000077f200000|  0%| F|  |TAMS 0x000000077f000000, 0x000000077f000000| Untracked 
| 242|0x000000077f200000, 0x000000077f200000, 0x000000077f400000|  0%| F|  |TAMS 0x000000077f200000, 0x000000077f200000| Untracked 
| 243|0x000000077f400000, 0x000000077f400000, 0x000000077f600000|  0%| F|  |TAMS 0x000000077f400000, 0x000000077f400000| Untracked 
| 244|0x000000077f600000, 0x000000077f600000, 0x000000077f800000|  0%| F|  |TAMS 0x000000077f600000, 0x000000077f600000| Untracked 
| 245|0x000000077f800000, 0x000000077f800000, 0x000000077fa00000|  0%| F|  |TAMS 0x000000077f800000, 0x000000077f800000| Untracked 
| 246|0x000000077fa00000, 0x000000077fa00000, 0x000000077fc00000|  0%| F|  |TAMS 0x000000077fa00000, 0x000000077fa00000| Untracked 
| 247|0x000000077fc00000, 0x000000077fc00000, 0x000000077fe00000|  0%| F|  |TAMS 0x000000077fc00000, 0x000000077fc00000| Untracked 
| 248|0x000000077fe00000, 0x000000077fe00000, 0x0000000780000000|  0%| F|  |TAMS 0x000000077fe00000, 0x000000077fe00000| Untracked 
| 249|0x0000000780000000, 0x0000000780000000, 0x0000000780200000|  0%| F|  |TAMS 0x0000000780000000, 0x0000000780000000| Untracked 
| 250|0x0000000780200000, 0x0000000780200000, 0x0000000780400000|  0%| F|  |TAMS 0x0000000780200000, 0x0000000780200000| Untracked 
| 251|0x0000000780400000, 0x0000000780400000, 0x0000000780600000|  0%| F|  |TAMS 0x0000000780400000, 0x0000000780400000| Untracked 
| 252|0x0000000780600000, 0x0000000780600000, 0x0000000780800000|  0%| F|  |TAMS 0x0000000780600000, 0x0000000780600000| Untracked 
| 253|0x0000000780800000, 0x0000000780800000, 0x0000000780a00000|  0%| F|  |TAMS 0x0000000780800000, 0x0000000780800000| Untracked 
| 254|0x0000000780a00000, 0x0000000780a00000, 0x0000000780c00000|  0%| F|  |TAMS 0x0000000780a00000, 0x0000000780a00000| Untracked 
| 255|0x0000000780c00000, 0x0000000780c00000, 0x0000000780e00000|  0%| F|  |TAMS 0x0000000780c00000, 0x0000000780c00000| Untracked 
| 256|0x0000000780e00000, 0x0000000780e00000, 0x0000000781000000|  0%| F|  |TAMS 0x0000000780e00000, 0x0000000780e00000| Untracked 
| 257|0x0000000781000000, 0x0000000781000000, 0x0000000781200000|  0%| F|  |TAMS 0x0000000781000000, 0x0000000781000000| Untracked 
| 258|0x0000000781200000, 0x0000000781200000, 0x0000000781400000|  0%| F|  |TAMS 0x0000000781200000, 0x0000000781200000| Untracked 
| 259|0x0000000781400000, 0x0000000781400000, 0x0000000781600000|  0%| F|  |TAMS 0x0000000781400000, 0x0000000781400000| Untracked 
| 260|0x0000000781600000, 0x0000000781600000, 0x0000000781800000|  0%| F|  |TAMS 0x0000000781600000, 0x0000000781600000| Untracked 
| 261|0x0000000781800000, 0x0000000781800000, 0x0000000781a00000|  0%| F|  |TAMS 0x0000000781800000, 0x0000000781800000| Untracked 
| 262|0x0000000781a00000, 0x0000000781a00000, 0x0000000781c00000|  0%| F|  |TAMS 0x0000000781a00000, 0x0000000781a00000| Untracked 
| 263|0x0000000781c00000, 0x0000000781c00000, 0x0000000781e00000|  0%| F|  |TAMS 0x0000000781c00000, 0x0000000781c00000| Untracked 
| 264|0x0000000781e00000, 0x0000000781e00000, 0x0000000782000000|  0%| F|  |TAMS 0x0000000781e00000, 0x0000000781e00000| Untracked 
| 265|0x0000000782000000, 0x0000000782000000, 0x0000000782200000|  0%| F|  |TAMS 0x0000000782000000, 0x0000000782000000| Untracked 
| 266|0x0000000782200000, 0x0000000782200000, 0x0000000782400000|  0%| F|  |TAMS 0x0000000782200000, 0x0000000782200000| Untracked 
| 267|0x0000000782400000, 0x0000000782400000, 0x0000000782600000|  0%| F|  |TAMS 0x0000000782400000, 0x0000000782400000| Untracked 
| 268|0x0000000782600000, 0x0000000782600000, 0x0000000782800000|  0%| F|  |TAMS 0x0000000782600000, 0x0000000782600000| Untracked 
| 269|0x0000000782800000, 0x0000000782800000, 0x0000000782a00000|  0%| F|  |TAMS 0x0000000782800000, 0x0000000782800000| Untracked 
| 270|0x0000000782a00000, 0x0000000782a00000, 0x0000000782c00000|  0%| F|  |TAMS 0x0000000782a00000, 0x0000000782a00000| Untracked 
| 271|0x0000000782c00000, 0x0000000782c00000, 0x0000000782e00000|  0%| F|  |TAMS 0x0000000782c00000, 0x0000000782c00000| Untracked 
| 272|0x0000000782e00000, 0x0000000782e00000, 0x0000000783000000|  0%| F|  |TAMS 0x0000000782e00000, 0x0000000782e00000| Untracked 
| 273|0x0000000783000000, 0x0000000783000000, 0x0000000783200000|  0%| F|  |TAMS 0x0000000783000000, 0x0000000783000000| Untracked 
| 274|0x0000000783200000, 0x0000000783400000, 0x0000000783400000|100%| E|  |TAMS 0x0000000783200000, 0x0000000783200000| Complete 
| 275|0x0000000783400000, 0x0000000783600000, 0x0000000783600000|100%| E|CS|TAMS 0x0000000783400000, 0x0000000783400000| Complete 
| 276|0x0000000783600000, 0x0000000783800000, 0x0000000783800000|100%| E|CS|TAMS 0x0000000783600000, 0x0000000783600000| Complete 
| 277|0x0000000783800000, 0x0000000783a00000, 0x0000000783a00000|100%| E|CS|TAMS 0x0000000783800000, 0x0000000783800000| Complete 
| 278|0x0000000783a00000, 0x0000000783c00000, 0x0000000783c00000|100%| E|CS|TAMS 0x0000000783a00000, 0x0000000783a00000| Complete 
| 279|0x0000000783c00000, 0x0000000783e00000, 0x0000000783e00000|100%| E|CS|TAMS 0x0000000783c00000, 0x0000000783c00000| Complete 
| 280|0x0000000783e00000, 0x0000000784000000, 0x0000000784000000|100%| E|CS|TAMS 0x0000000783e00000, 0x0000000783e00000| Complete 
| 281|0x0000000784000000, 0x0000000784200000, 0x0000000784200000|100%| E|CS|TAMS 0x0000000784000000, 0x0000000784000000| Complete 
| 282|0x0000000784200000, 0x0000000784400000, 0x0000000784400000|100%| E|CS|TAMS 0x0000000784200000, 0x0000000784200000| Complete 
| 283|0x0000000784400000, 0x0000000784600000, 0x0000000784600000|100%| E|CS|TAMS 0x0000000784400000, 0x0000000784400000| Complete 
| 284|0x0000000784600000, 0x0000000784800000, 0x0000000784800000|100%| E|CS|TAMS 0x0000000784600000, 0x0000000784600000| Complete 
| 285|0x0000000784800000, 0x0000000784a00000, 0x0000000784a00000|100%| E|CS|TAMS 0x0000000784800000, 0x0000000784800000| Complete 
| 286|0x0000000784a00000, 0x0000000784c00000, 0x0000000784c00000|100%| E|CS|TAMS 0x0000000784a00000, 0x0000000784a00000| Complete 
| 287|0x0000000784c00000, 0x0000000784e00000, 0x0000000784e00000|100%| E|CS|TAMS 0x0000000784c00000, 0x0000000784c00000| Complete 
| 288|0x0000000784e00000, 0x0000000785000000, 0x0000000785000000|100%| E|CS|TAMS 0x0000000784e00000, 0x0000000784e00000| Complete 
| 289|0x0000000785000000, 0x0000000785200000, 0x0000000785200000|100%| E|CS|TAMS 0x0000000785000000, 0x0000000785000000| Complete 
| 290|0x0000000785200000, 0x0000000785400000, 0x0000000785400000|100%| E|CS|TAMS 0x0000000785200000, 0x0000000785200000| Complete 
| 291|0x0000000785400000, 0x0000000785600000, 0x0000000785600000|100%| E|CS|TAMS 0x0000000785400000, 0x0000000785400000| Complete 
| 292|0x0000000785600000, 0x0000000785800000, 0x0000000785800000|100%| E|CS|TAMS 0x0000000785600000, 0x0000000785600000| Complete 
| 293|0x0000000785800000, 0x0000000785a00000, 0x0000000785a00000|100%| E|CS|TAMS 0x0000000785800000, 0x0000000785800000| Complete 
| 294|0x0000000785a00000, 0x0000000785c00000, 0x0000000785c00000|100%| E|CS|TAMS 0x0000000785a00000, 0x0000000785a00000| Complete 
| 295|0x0000000785c00000, 0x0000000785e00000, 0x0000000785e00000|100%| E|CS|TAMS 0x0000000785c00000, 0x0000000785c00000| Complete 
| 296|0x0000000785e00000, 0x0000000786000000, 0x0000000786000000|100%| E|CS|TAMS 0x0000000785e00000, 0x0000000785e00000| Complete 
| 297|0x0000000786000000, 0x0000000786200000, 0x0000000786200000|100%| E|CS|TAMS 0x0000000786000000, 0x0000000786000000| Complete 

Card table byte_map: [0x0000029b92920000,0x0000029b92e20000] _byte_map_base: 0x0000029b8ee19000

Marking Bits (Prev, Next): (CMBitMap*) 0x0000029bff8cf260, (CMBitMap*) 0x0000029bff8cf2a0
 Prev Bits: [0x0000029b93320000, 0x0000029b95ae8000)
 Next Bits: [0x0000029b95af0000, 0x0000029b982b8000)

Polling page: 0x0000029bfd850000

Metaspace:

Usage:
  Non-class:     77.52 MB used.
      Class:      9.29 MB used.
       Both:     86.81 MB used.

Virtual space:
  Non-class space:      128.00 MB reserved,      77.69 MB ( 61%) committed,  2 nodes.
      Class space:        1.00 GB reserved,       9.44 MB ( <1%) committed,  1 nodes.
             Both:        1.12 GB reserved,      87.12 MB (  8%) committed. 

Chunk freelists:
   Non-Class:  1.97 MB
       Class:  6.58 MB
        Both:  8.55 MB

MaxMetaspaceSize: unlimited
CompressedClassSpaceSize: 1.00 GB
Initial GC threshold: 21.00 MB
Current GC threshold: 144.31 MB
CDS: off
MetaspaceReclaimPolicy: balanced
 - commit_granule_bytes: 65536.
 - commit_granule_words: 8192.
 - virtual_space_node_default_size: 8388608.
 - enlarge_chunks_in_place: 1.
 - new_chunks_are_fully_committed: 0.
 - uncommit_free_chunks: 1.
 - use_allocation_guard: 0.
 - handle_deallocations: 1.


Internal statistics:

num_allocs_failed_limit: 3.
num_arena_births: 384.
num_arena_deaths: 0.
num_vsnodes_births: 3.
num_vsnodes_deaths: 0.
num_space_committed: 1392.
num_space_uncommitted: 0.
num_chunks_returned_to_freelist: 3.
num_chunks_taken_from_freelist: 3333.
num_chunk_merges: 3.
num_chunk_splits: 2691.
num_chunks_enlarged: 2388.
num_inconsistent_stats: 0.

CodeHeap 'non-profiled nmethods': size=120000Kb used=10200Kb max_used=10419Kb free=109800Kb
 bounds [0x0000029b8aef0000, 0x0000029b8b930000, 0x0000029b92420000]
CodeHeap 'profiled nmethods': size=120000Kb used=44618Kb max_used=45142Kb free=75381Kb
 bounds [0x0000029b83420000, 0x0000029b86040000, 0x0000029b8a950000]
CodeHeap 'non-nmethods': size=5760Kb used=1401Kb max_used=1458Kb free=4358Kb
 bounds [0x0000029b8a950000, 0x0000029b8abc0000, 0x0000029b8aef0000]
 total_blobs=17290 nmethods=16565 adapters=632
 compilation: enabled
              stopped_count=0, restarted_count=0
 full_count=0

Compilation events (20 events):
Event: 41.573 Thread 0x0000029b9ad7b770 nmethod 22034 0x0000029b8b66e610 code [0x0000029b8b66e7c0, 0x0000029b8b66eab8]
Event: 41.573 Thread 0x0000029b9ad7b770 21983       4       org.jetbrains.kotlin.backend.common.phaser.DumperVerifierKt$makeDumpAction$1::invoke (14 bytes)
Event: 41.574 Thread 0x0000029b9ab702c0 nmethod 22044 0x0000029b84d49190 code [0x0000029b84d49400, 0x0000029b84d49e58]
Event: 41.574 Thread 0x0000029b9ab702c0 22045       3       org.jetbrains.kotlin.backend.jvm.lower.UpdateFunctionCallSites::visitValueParameter (7 bytes)
Event: 41.576 Thread 0x0000029b9ab702c0 nmethod 22045 0x0000029b84eced10 code [0x0000029b84ecefc0, 0x0000029b84ecfba8]
Event: 41.576 Thread 0x0000029b9ab702c0 22055       3       org.jetbrains.kotlin.backend.jvm.lower.UpdateFunctionCallSites::visitFunction (13 bytes)
Event: 41.577 Thread 0x0000029b9ab702c0 nmethod 22055 0x0000029b8528d910 code [0x0000029b8528dc20, 0x0000029b8528ec88]
Event: 41.577 Thread 0x0000029b9ab702c0 22054       3       org.jetbrains.kotlin.backend.jvm.lower.UpdateFunctionCallSites::visitFunction (10 bytes)
Event: 41.578 Thread 0x0000029b9ab702c0 nmethod 22054 0x0000029b852c8790 code [0x0000029b852c8a80, 0x0000029b852c9958]
Event: 41.579 Thread 0x0000029b9ab702c0 22056       3       org.jetbrains.kotlin.backend.jvm.lower.UpdateFunctionCallSites::visitSimpleFunction (10 bytes)
Event: 41.580 Thread 0x0000029b9ab702c0 nmethod 22056 0x0000029b850a1790 code [0x0000029b850a1a60, 0x0000029b850a2898]
Event: 41.580 Thread 0x0000029b9ab702c0 22057       3       org.jetbrains.kotlin.backend.jvm.lower.UpdateFunctionCallSites::visitSimpleFunction (7 bytes)
Event: 41.581 Thread 0x0000029b9ab702c0 nmethod 22057 0x0000029b859b0610 code [0x0000029b859b0920, 0x0000029b859b1908]
Event: 41.582 Thread 0x0000029b9ab702c0 22046       3       org.jetbrains.kotlin.backend.jvm.lower.UpdateFunctionCallSites::visitValueAccess (10 bytes)
Event: 41.583 Thread 0x0000029b9ab702c0 nmethod 22046 0x0000029b8594b990 code [0x0000029b8594bc20, 0x0000029b8594c888]
Event: 41.583 Thread 0x0000029b9ab702c0 22047       3       org.jetbrains.kotlin.backend.jvm.lower.UpdateFunctionCallSites::visitValueAccess (7 bytes)
Event: 41.585 Thread 0x0000029b9ab702c0 nmethod 22047 0x0000029b857de810 code [0x0000029b857deae0, 0x0000029b857df8d8]
Event: 41.585 Thread 0x0000029b9ab702c0 22048       3       org.jetbrains.kotlin.backend.jvm.lower.UpdateFunctionCallSites::visitGetValue (10 bytes)
Event: 41.586 Thread 0x0000029b9ab702c0 nmethod 22048 0x0000029b85802810 code [0x0000029b85802a80, 0x0000029b85803518]
Event: 41.586 Thread 0x0000029b9ab702c0 22049       3       org.jetbrains.kotlin.backend.jvm.lower.UpdateFunctionCallSites::visitGetValue (7 bytes)

GC Heap History (20 events):
Event: 31.896 GC heap before
{Heap before GC invocations=30 (full 0):
 garbage-first heap   total 274432K, used 224302K [0x0000000760e00000, 0x0000000800000000)
  region size 2048K, 52 young (106496K), 3 survivors (6144K)
 Metaspace       used 76653K, committed 76992K, reserved 1179648K
  class space    used 8437K, committed 8576K, reserved 1048576K
}
Event: 31.933 GC heap after
{Heap after GC invocations=31 (full 0):
 garbage-first heap   total 274432K, used 141296K [0x0000000760e00000, 0x0000000800000000)
  region size 2048K, 7 young (14336K), 7 survivors (14336K)
 Metaspace       used 76653K, committed 76992K, reserved 1179648K
  class space    used 8437K, committed 8576K, reserved 1048576K
}
Event: 34.053 GC heap before
{Heap before GC invocations=31 (full 0):
 garbage-first heap   total 274432K, used 221168K [0x0000000760e00000, 0x0000000800000000)
  region size 2048K, 46 young (94208K), 7 survivors (14336K)
 Metaspace       used 81072K, committed 81408K, reserved 1179648K
  class space    used 8871K, committed 9024K, reserved 1048576K
}
Event: 34.087 GC heap after
{Heap after GC invocations=32 (full 0):
 garbage-first heap   total 274432K, used 152232K [0x0000000760e00000, 0x0000000800000000)
  region size 2048K, 6 young (12288K), 6 survivors (12288K)
 Metaspace       used 81072K, committed 81408K, reserved 1179648K
  class space    used 8871K, committed 9024K, reserved 1048576K
}
Event: 36.963 GC heap before
{Heap before GC invocations=33 (full 0):
 garbage-first heap   total 274432K, used 217768K [0x0000000760e00000, 0x0000000800000000)
  region size 2048K, 39 young (79872K), 6 survivors (12288K)
 Metaspace       used 86868K, committed 87168K, reserved 1179648K
  class space    used 9462K, committed 9600K, reserved 1048576K
}
Event: 36.982 GC heap after
{Heap after GC invocations=34 (full 0):
 garbage-first heap   total 274432K, used 156822K [0x0000000760e00000, 0x0000000800000000)
  region size 2048K, 4 young (8192K), 4 survivors (8192K)
 Metaspace       used 86868K, committed 87168K, reserved 1179648K
  class space    used 9462K, committed 9600K, reserved 1048576K
}
Event: 37.035 GC heap before
{Heap before GC invocations=34 (full 0):
 garbage-first heap   total 274432K, used 160918K [0x0000000760e00000, 0x0000000800000000)
  region size 2048K, 6 young (12288K), 4 survivors (8192K)
 Metaspace       used 86923K, committed 87232K, reserved 1179648K
  class space    used 9462K, committed 9600K, reserved 1048576K
}
Event: 37.052 GC heap after
{Heap after GC invocations=35 (full 0):
 garbage-first heap   total 274432K, used 148160K [0x0000000760e00000, 0x0000000800000000)
  region size 2048K, 1 young (2048K), 1 survivors (2048K)
 Metaspace       used 86923K, committed 87232K, reserved 1179648K
  class space    used 9462K, committed 9600K, reserved 1048576K
}
Event: 37.875 GC heap before
{Heap before GC invocations=35 (full 0):
 garbage-first heap   total 274432K, used 219840K [0x0000000760e00000, 0x0000000800000000)
  region size 2048K, 36 young (73728K), 1 survivors (2048K)
 Metaspace       used 87405K, committed 87744K, reserved 1179648K
  class space    used 9465K, committed 9600K, reserved 1048576K
}
Event: 37.881 GC heap after
{Heap after GC invocations=36 (full 0):
 garbage-first heap   total 274432K, used 148530K [0x0000000760e00000, 0x0000000800000000)
  region size 2048K, 1 young (2048K), 1 survivors (2048K)
 Metaspace       used 87405K, committed 87744K, reserved 1179648K
  class space    used 9465K, committed 9600K, reserved 1048576K
}
Event: 38.785 GC heap before
{Heap before GC invocations=37 (full 0):
 garbage-first heap   total 296960K, used 224306K [0x0000000760e00000, 0x0000000800000000)
  region size 2048K, 38 young (77824K), 1 survivors (2048K)
 Metaspace       used 87729K, committed 88064K, reserved 1179648K
  class space    used 9465K, committed 9600K, reserved 1048576K
}
Event: 38.794 GC heap after
{Heap after GC invocations=38 (full 0):
 garbage-first heap   total 296960K, used 149840K [0x0000000760e00000, 0x0000000800000000)
  region size 2048K, 2 young (4096K), 2 survivors (4096K)
 Metaspace       used 87729K, committed 88064K, reserved 1179648K
  class space    used 9465K, committed 9600K, reserved 1048576K
}
Event: 38.859 GC heap before
{Heap before GC invocations=38 (full 0):
 garbage-first heap   total 296960K, used 160080K [0x0000000760e00000, 0x0000000800000000)
  region size 2048K, 7 young (14336K), 2 survivors (4096K)
 Metaspace       used 87748K, committed 88064K, reserved 1179648K
  class space    used 9465K, committed 9600K, reserved 1048576K
}
Event: 38.868 GC heap after
{Heap after GC invocations=39 (full 0):
 garbage-first heap   total 296960K, used 147109K [0x0000000760e00000, 0x0000000800000000)
  region size 2048K, 1 young (2048K), 1 survivors (2048K)
 Metaspace       used 87748K, committed 88064K, reserved 1179648K
  class space    used 9465K, committed 9600K, reserved 1048576K
}
Event: 40.143 GC heap before
{Heap before GC invocations=39 (full 0):
 garbage-first heap   total 296960K, used 243365K [0x0000000760e00000, 0x0000000800000000)
  region size 2048K, 48 young (98304K), 1 survivors (2048K)
 Metaspace       used 88224K, committed 88576K, reserved 1179648K
  class space    used 9491K, committed 9664K, reserved 1048576K
}
Event: 40.150 GC heap after
{Heap after GC invocations=40 (full 0):
 garbage-first heap   total 296960K, used 148832K [0x0000000760e00000, 0x0000000800000000)
  region size 2048K, 2 young (4096K), 2 survivors (4096K)
 Metaspace       used 88224K, committed 88576K, reserved 1179648K
  class space    used 9491K, committed 9664K, reserved 1048576K
}
Event: 41.156 GC heap before
{Heap before GC invocations=41 (full 0):
 garbage-first heap   total 305152K, used 245088K [0x0000000760e00000, 0x0000000800000000)
  region size 2048K, 49 young (100352K), 2 survivors (4096K)
 Metaspace       used 88699K, committed 89024K, reserved 1179648K
  class space    used 9506K, committed 9664K, reserved 1048576K
}
Event: 41.168 GC heap after
{Heap after GC invocations=42 (full 0):
 garbage-first heap   total 305152K, used 151396K [0x0000000760e00000, 0x0000000800000000)
  region size 2048K, 3 young (6144K), 3 survivors (6144K)
 Metaspace       used 88699K, committed 89024K, reserved 1179648K
  class space    used 9506K, committed 9664K, reserved 1048576K
}
Event: 41.204 GC heap before
{Heap before GC invocations=42 (full 0):
 garbage-first heap   total 305152K, used 159588K [0x0000000760e00000, 0x0000000800000000)
  region size 2048K, 7 young (14336K), 3 survivors (6144K)
 Metaspace       used 88702K, committed 89024K, reserved 1179648K
  class space    used 9506K, committed 9664K, reserved 1048576K
}
Event: 41.218 GC heap after
{Heap after GC invocations=43 (full 0):
 garbage-first heap   total 610304K, used 149032K [0x0000000760e00000, 0x0000000800000000)
  region size 2048K, 1 young (2048K), 1 survivors (2048K)
 Metaspace       used 88702K, committed 89024K, reserved 1179648K
  class space    used 9506K, committed 9664K, reserved 1048576K
}

Dll operation events (2 events):
Event: 0.012 Loaded shared library C:\Program Files\Android\Android Studio1\jbr\bin\java.dll
Event: 1.989 Loaded shared library C:\Program Files\Android\Android Studio1\jbr\bin\verify.dll

Deoptimization events (20 events):
Event: 41.471 Thread 0x0000029bfd71bfa0 Uncommon trap: trap_request=0xffffffde fr.pc=0x0000029b8b776e1c relative=0x000000000000007c
Event: 41.471 Thread 0x0000029bfd71bfa0 Uncommon trap: reason=class_check action=maybe_recompile pc=0x0000029b8b776e1c method=kotlin.collections.ReversedListReadOnly.getSize()I @ 4 c2
Event: 41.471 Thread 0x0000029bfd71bfa0 DEOPT PACKING pc=0x0000029b8b776e1c sp=0x0000009f62efd2a0
Event: 41.471 Thread 0x0000029bfd71bfa0 DEOPT UNPACKING pc=0x0000029b8a9a69a3 sp=0x0000009f62efd228 mode 2
Event: 41.567 Thread 0x0000029bfd71bfa0 Uncommon trap: trap_request=0xffffffc6 fr.pc=0x0000029b8b8bcf58 relative=0x00000000000002f8
Event: 41.567 Thread 0x0000029bfd71bfa0 Uncommon trap: reason=bimorphic_or_optimized_type_check action=maybe_recompile pc=0x0000029b8b8bcf58 method=org.jetbrains.kotlin.ir.visitors.IrElementTransformer$DefaultImpls.visitValueParameter(Lorg/jetbrains/kotlin/ir/visitors/IrElementTransformer;Lorg/
Event: 41.567 Thread 0x0000029bfd71bfa0 DEOPT PACKING pc=0x0000029b8b8bcf58 sp=0x0000009f62efd220
Event: 41.567 Thread 0x0000029bfd71bfa0 DEOPT UNPACKING pc=0x0000029b8a9a69a3 sp=0x0000009f62efd1e0 mode 2
Event: 41.567 Thread 0x0000029bfd71bfa0 Uncommon trap: trap_request=0xffffffc6 fr.pc=0x0000029b8b8bcf58 relative=0x00000000000002f8
Event: 41.567 Thread 0x0000029bfd71bfa0 Uncommon trap: reason=bimorphic_or_optimized_type_check action=maybe_recompile pc=0x0000029b8b8bcf58 method=org.jetbrains.kotlin.ir.visitors.IrElementTransformer$DefaultImpls.visitValueParameter(Lorg/jetbrains/kotlin/ir/visitors/IrElementTransformer;Lorg/
Event: 41.567 Thread 0x0000029bfd71bfa0 DEOPT PACKING pc=0x0000029b8b8bcf58 sp=0x0000009f62efd290
Event: 41.567 Thread 0x0000029bfd71bfa0 DEOPT UNPACKING pc=0x0000029b8a9a69a3 sp=0x0000009f62efd250 mode 2
Event: 41.567 Thread 0x0000029bfd71bfa0 Uncommon trap: trap_request=0xffffffc6 fr.pc=0x0000029b8b8bcf58 relative=0x00000000000002f8
Event: 41.567 Thread 0x0000029bfd71bfa0 Uncommon trap: reason=bimorphic_or_optimized_type_check action=maybe_recompile pc=0x0000029b8b8bcf58 method=org.jetbrains.kotlin.ir.visitors.IrElementTransformer$DefaultImpls.visitValueParameter(Lorg/jetbrains/kotlin/ir/visitors/IrElementTransformer;Lorg/
Event: 41.567 Thread 0x0000029bfd71bfa0 DEOPT PACKING pc=0x0000029b8b8bcf58 sp=0x0000009f62efd290
Event: 41.567 Thread 0x0000029bfd71bfa0 DEOPT UNPACKING pc=0x0000029b8a9a69a3 sp=0x0000009f62efd250 mode 2
Event: 41.567 Thread 0x0000029bfd71bfa0 Uncommon trap: trap_request=0xffffffc6 fr.pc=0x0000029b8b8bcf58 relative=0x00000000000002f8
Event: 41.567 Thread 0x0000029bfd71bfa0 Uncommon trap: reason=bimorphic_or_optimized_type_check action=maybe_recompile pc=0x0000029b8b8bcf58 method=org.jetbrains.kotlin.ir.visitors.IrElementTransformer$DefaultImpls.visitValueParameter(Lorg/jetbrains/kotlin/ir/visitors/IrElementTransformer;Lorg/
Event: 41.567 Thread 0x0000029bfd71bfa0 DEOPT PACKING pc=0x0000029b8b8bcf58 sp=0x0000009f62efd290
Event: 41.567 Thread 0x0000029bfd71bfa0 DEOPT UNPACKING pc=0x0000029b8a9a69a3 sp=0x0000009f62efd250 mode 2

Classes unloaded (0 events):
No events

Classes redefined (0 events):
No events

Internal exceptions (20 events):
Event: 21.679 Thread 0x0000029bfd71bfa0 Implicit null exception at 0x0000029b8b547013 to 0x0000029b8b547e10
Event: 22.430 Thread 0x0000029bfd71bfa0 Exception <a 'java/lang/NoSuchMethodError'{0x000000076ae99d00}: 'java.lang.Object java.lang.invoke.DirectMethodHandle$Holder.newInvokeSpecial(java.lang.Object, int, java.lang.Object, java.lang.Object)'> (0x000000076ae99d00) 
thrown [s\src\hotspot\share\interpreter\linkResolver.cpp, line 771]
Event: 27.105 Thread 0x0000029bfd71bfa0 Implicit null exception at 0x0000029b8b07a792 to 0x0000029b8b07b034
Event: 27.271 Thread 0x0000029bfd71bfa0 Implicit null exception at 0x0000029b8b67f251 to 0x0000029b8b682e88
Event: 28.088 Thread 0x0000029bfd71bfa0 Exception <a 'java/lang/NoSuchMethodError'{0x000000076cafd108}: 'java.lang.Object java.lang.invoke.DirectMethodHandle$Holder.invokeStaticInit(java.lang.Object, java.lang.Object, java.lang.Object, java.lang.Object)'> (0x000000076cafd108) 
thrown [s\src\hotspot\share\interpreter\linkResolver.cpp, line 771]
Event: 28.631 Thread 0x0000029bfd71bfa0 Exception <a 'java/lang/NoSuchMethodError'{0x000000076b804ae0}: 'java.lang.Object java.lang.invoke.DirectMethodHandle$Holder.newInvokeSpecial(java.lang.Object, java.lang.Object, java.lang.Object, int, int)'> (0x000000076b804ae0) 
thrown [s\src\hotspot\share\interpreter\linkResolver.cpp, line 771]
Event: 28.632 Thread 0x0000029bfd71bfa0 Exception <a 'java/lang/NoSuchMethodError'{0x000000076b808920}: 'java.lang.Object java.lang.invoke.DirectMethodHandle$Holder.invokeSpecial(java.lang.Object, java.lang.Object, java.lang.Object, java.lang.Object, int, int)'> (0x000000076b808920) 
thrown [s\src\hotspot\share\interpreter\linkResolver.cpp, line 771]
Event: 28.652 Thread 0x0000029bfd71bfa0 Exception <a 'java/lang/NoSuchMethodError'{0x000000076b895ae0}: 'java.lang.Object java.lang.invoke.Invokers$Holder.linkToTargetMethod(java.lang.Object, java.lang.Object, int, int, java.lang.Object, java.lang.Object, java.lang.Object, java.lang.Object, java.lang.Object)'> (0x000000076b895ae0) 
thrown [s\src\hotspot\share\interpreter\linkResolver.cpp, line 771]
Event: 29.128 Thread 0x0000029bfd71bfa0 Implicit null exception at 0x0000029b8af58c19 to 0x0000029b8af58f00
Event: 30.882 Thread 0x0000029bfd71bfa0 Implicit null exception at 0x0000029b8b77293a to 0x0000029b8b772c44
Event: 30.882 Thread 0x0000029bfd71bfa0 Implicit null exception at 0x0000029b8b77293a to 0x0000029b8b772c44
Event: 30.883 Thread 0x0000029bfd71bfa0 Implicit null exception at 0x0000029b8b77293a to 0x0000029b8b772c44
Event: 30.884 Thread 0x0000029bfd71bfa0 Implicit null exception at 0x0000029b8b77293a to 0x0000029b8b772c44
Event: 30.963 Thread 0x0000029bfd71bfa0 Implicit null exception at 0x0000029b8b7820d4 to 0x0000029b8b782544
Event: 32.304 Thread 0x0000029bfd71bfa0 Exception <a 'java/lang/NoSuchMethodError'{0x0000000770a796f8}: 'java.lang.Object java.lang.invoke.DirectMethodHandle$Holder.newInvokeSpecial(java.lang.Object, java.lang.Object, int, int, java.lang.Object, java.lang.Object, java.lang.Object)'> (0x0000000770a796f8) 
thrown [s\src\hotspot\share\interpreter\linkResolver.cpp, line 771]
Event: 32.305 Thread 0x0000029bfd71bfa0 Exception <a 'java/lang/NoSuchMethodError'{0x0000000770a7e038}: 'java.lang.Object java.lang.invoke.DirectMethodHandle$Holder.invokeSpecial(java.lang.Object, java.lang.Object, java.lang.Object, int, int, java.lang.Object, java.lang.Object, java.lang.Object)'> (0x0000000770a7e038) 
thrown [s\src\hotspot\share\interpreter\linkResolver.cpp, line 771]
Event: 32.824 Thread 0x0000029bfd71bfa0 Implicit null exception at 0x0000029b8b7b8c79 to 0x0000029b8b7bfa0c
Event: 35.491 Thread 0x0000029bfd71bfa0 Implicit null exception at 0x0000029b8b73b6b4 to 0x0000029b8b73c0a0
Event: 40.687 Thread 0x0000029bfd71bfa0 Implicit null exception at 0x0000029b8b85496f to 0x0000029b8b854b84
Event: 41.423 Thread 0x0000029bfd71bfa0 Implicit null exception at 0x0000029b8b78f0d2 to 0x0000029b8b78f145

VM Operations (20 events):
Event: 40.143 Executing VM operation: G1CollectForAllocation
Event: 40.150 Executing VM operation: G1CollectForAllocation done
Event: 40.198 Executing VM operation: HandshakeAllThreads
Event: 40.198 Executing VM operation: HandshakeAllThreads done
Event: 40.470 Executing VM operation: G1PauseRemark
Event: 40.486 Executing VM operation: G1PauseRemark done
Event: 40.612 Executing VM operation: G1PauseCleanup
Event: 40.612 Executing VM operation: G1PauseCleanup done
Event: 40.973 Executing VM operation: HandshakeAllThreads
Event: 40.973 Executing VM operation: HandshakeAllThreads done
Event: 41.102 Executing VM operation: HandshakeAllThreads
Event: 41.102 Executing VM operation: HandshakeAllThreads done
Event: 41.124 Executing VM operation: ICBufferFull
Event: 41.125 Executing VM operation: ICBufferFull done
Event: 41.156 Executing VM operation: G1CollectForAllocation
Event: 41.168 Executing VM operation: G1CollectForAllocation done
Event: 41.204 Executing VM operation: G1CollectForAllocation
Event: 41.218 Executing VM operation: G1CollectForAllocation done
Event: 41.462 Executing VM operation: ICBufferFull
Event: 41.462 Executing VM operation: ICBufferFull done

Events (20 events):
Event: 41.153 Thread 0x0000029b9ab73920 flushing nmethod 0x0000029b859c6e10
Event: 41.153 Thread 0x0000029b9ab73920 flushing nmethod 0x0000029b859ce190
Event: 41.153 Thread 0x0000029b9ab73920 flushing nmethod 0x0000029b859eb810
Event: 41.154 Thread 0x0000029b9ab73920 flushing nmethod 0x0000029b85a05a90
Event: 41.154 Thread 0x0000029b9ab73920 flushing nmethod 0x0000029b85a08810
Event: 41.154 Thread 0x0000029b9ab73920 flushing nmethod 0x0000029b85a11610
Event: 41.154 Thread 0x0000029b9ab73920 flushing nmethod 0x0000029b85a65690
Event: 41.154 Thread 0x0000029b9ab73920 flushing nmethod 0x0000029b85a91210
Event: 41.154 Thread 0x0000029b9ab73920 flushing nmethod 0x0000029b85a95c10
Event: 41.155 Thread 0x0000029b9ab73920 flushing nmethod 0x0000029b85b0cc10
Event: 41.155 Thread 0x0000029b9ab73920 flushing nmethod 0x0000029b85b24c90
Event: 41.156 Thread 0x0000029b9ab73920 flushing nmethod 0x0000029b85b6fb10
Event: 41.168 Thread 0x0000029b9ab73920 flushing nmethod 0x0000029b85bd9d10
Event: 41.168 Thread 0x0000029b9ab73920 flushing nmethod 0x0000029b85be2110
Event: 41.168 Thread 0x0000029b9ab73920 flushing nmethod 0x0000029b85c0f390
Event: 41.169 Thread 0x0000029b9ab73920 flushing nmethod 0x0000029b85c5c710
Event: 41.170 Thread 0x0000029b9ab73920 flushing nmethod 0x0000029b85d14b10
Event: 41.171 Thread 0x0000029b9ab73920 flushing nmethod 0x0000029b85ddec10
Event: 41.171 Thread 0x0000029b9ab73920 flushing nmethod 0x0000029b85de0e90
Event: 41.171 Thread 0x0000029b9ab73920 flushing nmethod 0x0000029b85e4a090


Dynamic libraries:
0x00007ff7b8c10000 - 0x00007ff7b8c1a000 	C:\Program Files\Android\Android Studio1\jbr\bin\java.exe
0x00007ffef2250000 - 0x00007ffef2448000 	C:\WINDOWS\SYSTEM32\ntdll.dll
0x00007ffef18c0000 - 0x00007ffef1982000 	C:\WINDOWS\System32\KERNEL32.DLL
0x00007ffeefaa0000 - 0x00007ffeefd9e000 	C:\WINDOWS\System32\KERNELBASE.dll
0x00007ffeeff30000 - 0x00007ffef0030000 	C:\WINDOWS\System32\ucrtbase.dll
0x00007ffe92c50000 - 0x00007ffe92c67000 	C:\Program Files\Android\Android Studio1\jbr\bin\jli.dll
0x00007ffef1990000 - 0x00007ffef1b2d000 	C:\WINDOWS\System32\USER32.dll
0x00007ffef0030000 - 0x00007ffef0052000 	C:\WINDOWS\System32\win32u.dll
0x00007ffef21e0000 - 0x00007ffef220b000 	C:\WINDOWS\System32\GDI32.dll
0x00007ffed28b0000 - 0x00007ffed28cb000 	C:\Program Files\Android\Android Studio1\jbr\bin\VCRUNTIME140.dll
0x00007ffeca7e0000 - 0x00007ffecaa7a000 	C:\WINDOWS\WinSxS\amd64_microsoft.windows.common-controls_6595b64144ccf1df_6.0.19041.4355_none_60b8b9eb71f62e16\COMCTL32.dll
0x00007ffeef8f0000 - 0x00007ffeefa07000 	C:\WINDOWS\System32\gdi32full.dll
0x00007ffef00d0000 - 0x00007ffef016d000 	C:\WINDOWS\System32\msvcp_win.dll
0x00007ffef0dc0000 - 0x00007ffef0e5e000 	C:\WINDOWS\System32\msvcrt.dll
0x00007ffef03a0000 - 0x00007ffef03cf000 	C:\WINDOWS\System32\IMM32.DLL
0x00007ffed4860000 - 0x00007ffed486c000 	C:\Program Files\Android\Android Studio1\jbr\bin\vcruntime140_1.dll
0x00007ffe38ab0000 - 0x00007ffe38b3d000 	C:\Program Files\Android\Android Studio1\jbr\bin\msvcp140.dll
0x00007ffe74500000 - 0x00007ffe75183000 	C:\Program Files\Android\Android Studio1\jbr\bin\server\jvm.dll
0x00007ffef1070000 - 0x00007ffef1122000 	C:\WINDOWS\System32\ADVAPI32.dll
0x00007ffef0ec0000 - 0x00007ffef0f60000 	C:\WINDOWS\System32\sechost.dll
0x00007ffef0270000 - 0x00007ffef0393000 	C:\WINDOWS\System32\RPCRT4.dll
0x00007ffeeff00000 - 0x00007ffeeff27000 	C:\WINDOWS\System32\bcrypt.dll
0x00007ffeef750000 - 0x00007ffeef79b000 	C:\WINDOWS\SYSTEM32\POWRPROF.dll
0x00007ffee72e0000 - 0x00007ffee72ea000 	C:\WINDOWS\SYSTEM32\VERSION.dll
0x00007ffed44c0000 - 0x00007ffed44e7000 	C:\WINDOWS\SYSTEM32\WINMM.dll
0x00007ffec5140000 - 0x00007ffec5149000 	C:\WINDOWS\SYSTEM32\WSOCK32.dll
0x00007ffef2170000 - 0x00007ffef21db000 	C:\WINDOWS\System32\WS2_32.dll
0x00007ffeef730000 - 0x00007ffeef742000 	C:\WINDOWS\SYSTEM32\UMPDC.dll
0x00007ffeed770000 - 0x00007ffeed782000 	C:\WINDOWS\SYSTEM32\kernel.appcore.dll
0x00007ffee97a0000 - 0x00007ffee97aa000 	C:\Program Files\Android\Android Studio1\jbr\bin\jimage.dll
0x00007ffee5bd0000 - 0x00007ffee5db4000 	C:\WINDOWS\SYSTEM32\DBGHELP.DLL
0x00007ffee5260000 - 0x00007ffee5294000 	C:\WINDOWS\SYSTEM32\dbgcore.DLL
0x00007ffeefa10000 - 0x00007ffeefa92000 	C:\WINDOWS\System32\bcryptPrimitives.dll
0x00007ffed0590000 - 0x00007ffed05b5000 	C:\Program Files\Android\Android Studio1\jbr\bin\java.dll
0x00007ffed0570000 - 0x00007ffed0588000 	C:\Program Files\Android\Android Studio1\jbr\bin\zip.dll
0x00007ffef03d0000 - 0x00007ffef0b3f000 	C:\WINDOWS\System32\SHELL32.dll
0x00007ffeed970000 - 0x00007ffeee114000 	C:\WINDOWS\SYSTEM32\windows.storage.dll
0x00007ffef1190000 - 0x00007ffef14e3000 	C:\WINDOWS\System32\combase.dll
0x00007ffeef2b0000 - 0x00007ffeef2de000 	C:\WINDOWS\SYSTEM32\Wldp.dll
0x00007ffef1620000 - 0x00007ffef16ed000 	C:\WINDOWS\System32\OLEAUT32.dll
0x00007ffef0fc0000 - 0x00007ffef106d000 	C:\WINDOWS\System32\SHCORE.dll
0x00007ffef1fa0000 - 0x00007ffef1ff5000 	C:\WINDOWS\System32\shlwapi.dll
0x00007ffeef820000 - 0x00007ffeef844000 	C:\WINDOWS\SYSTEM32\profapi.dll
0x00007ffe91d90000 - 0x00007ffe91da9000 	C:\Program Files\Android\Android Studio1\jbr\bin\net.dll
0x00007ffee7570000 - 0x00007ffee767d000 	C:\WINDOWS\SYSTEM32\WINHTTP.dll
0x00007ffeeefb0000 - 0x00007ffeef01a000 	C:\WINDOWS\system32\mswsock.dll
0x00007ffe91650000 - 0x00007ffe91666000 	C:\Program Files\Android\Android Studio1\jbr\bin\nio.dll
0x00007ffec0bc0000 - 0x00007ffec0bd0000 	C:\Program Files\Android\Android Studio1\jbr\bin\verify.dll

dbghelp: loaded successfully - version: 4.0.5 - missing functions: none
symbol engine: initialized successfully - sym options: 0x614 - pdb path: .;C:\Program Files\Android\Android Studio1\jbr\bin;C:\WINDOWS\SYSTEM32;C:\WINDOWS\WinSxS\amd64_microsoft.windows.common-controls_6595b64144ccf1df_6.0.19041.4355_none_60b8b9eb71f62e16;C:\Program Files\Android\Android Studio1\jbr\bin\server

VM Arguments:
java_command: org.jetbrains.kotlin.cli.jvm.K2JVMCompiler @C:\Users\Franklin Reyes\Desktop\EXPO2024\app\build\20241014_141585675521538172.compiler.options
java_class_path (initial): C:\Users\Franklin Reyes\.gradle\caches\modules-2\files-2.1\org.jetbrains.kotlin\kotlin-compiler-embeddable\1.9.0\2c8c3a7402becca891f12739b3e9fd2dc2adbd7a\kotlin-compiler-embeddable-1.9.0.jar;C:\Users\Franklin Reyes\.gradle\caches\modules-2\files-2.1\org.jetbrains.kotlin\kotlin-stdlib\1.9.0\8ee15ef0c67dc83d874f412d84378d7f0eb50b63\kotlin-stdlib-1.9.0.jar;C:\Users\Franklin Reyes\.gradle\caches\modules-2\files-2.1\org.jetbrains.kotlin\kotlin-script-runtime\1.9.0\4b3102cbbb7e1b58d9d1adf89563f00069ffa7d1\kotlin-script-runtime-1.9.0.jar;C:\Users\Franklin Reyes\.gradle\caches\modules-2\files-2.1\org.jetbrains.kotlin\kotlin-reflect\1.6.10\1cbe9c92c12a94eea200d23c2bbaedaf3daf5132\kotlin-reflect-1.6.10.jar;C:\Users\Franklin Reyes\.gradle\caches\modules-2\files-2.1\org.jetbrains.kotlin\kotlin-daemon-embeddable\1.9.0\186543f5e28cf8d9a0290fecc2cf34301c40a65c\kotlin-daemon-embeddable-1.9.0.jar;C:\Users\Franklin Reyes\.gradle\caches\modules-2\files-2.1\org.jetbrains.intellij.deps\trove4j\1.0.20200330\3afb14d5f9ceb459d724e907a21145e8ff394f02\trove4j-1.0.20200330.jar;C:\Users\Franklin Reyes\.gradle\caches\modules-2\files-2.1\org.jetbrains.kotlin\kotlin-stdlib-common\1.9.0\cd65c21cfd1eec4d44ef09f9f52b6d9f8a720636\kotlin-stdlib-common-1.9.0.jar;C:\Users\Franklin Reyes\.gradle\caches\modules-2\files-2.1\org.jetbrains\annotations\13.0\919f0dfe192fb4e063e7dacadee7f8bb9a2672a9\annotations-13.0.jar
Launcher Type: SUN_STANDARD

[Global flags]
     intx CICompilerCount                          = 4                                         {product} {ergonomic}
     uint ConcGCThreads                            = 2                                         {product} {ergonomic}
     uint G1ConcRefinementThreads                  = 8                                         {product} {ergonomic}
   size_t G1HeapRegionSize                         = 2097152                                   {product} {ergonomic}
    uintx GCDrainStackTargetSize                   = 64                                        {product} {ergonomic}
   size_t InitialHeapSize                          = 167772160                                 {product} {ergonomic}
   size_t MarkStackSize                            = 4194304                                   {product} {ergonomic}
   size_t MaxHeapSize                              = 2669674496                                {product} {ergonomic}
   size_t MaxNewSize                               = 1600126976                                {product} {ergonomic}
   size_t MinHeapDeltaBytes                        = 2097152                                   {product} {ergonomic}
   size_t MinHeapSize                              = 8388608                                   {product} {ergonomic}
    uintx NonNMethodCodeHeapSize                   = 5839372                                {pd product} {ergonomic}
    uintx NonProfiledCodeHeapSize                  = 122909434                              {pd product} {ergonomic}
    uintx ProfiledCodeHeapSize                     = 122909434                              {pd product} {ergonomic}
    uintx ReservedCodeCacheSize                    = 251658240                              {pd product} {ergonomic}
     bool SegmentedCodeCache                       = true                                      {product} {ergonomic}
   size_t SoftMaxHeapSize                          = 2669674496                             {manageable} {ergonomic}
     bool UseCompressedClassPointers               = true                           {product lp64_product} {ergonomic}
     bool UseCompressedOops                        = true                           {product lp64_product} {ergonomic}
     bool UseG1GC                                  = true                                      {product} {ergonomic}
     bool UseLargePagesIndividualAllocation        = false                                  {pd product} {ergonomic}

Logging:
Log output configuration:
 #0: stdout all=warning uptime,level,tags
 #1: stderr all=off uptime,level,tags

Environment Variables:
PATH=C:\Program Files\Common Files\Oracle\Java\javapath;C:\Oracle\dbhomeXE\bin;C:\ProgramData\Oracle\Java\javapath;C:\WINDOWS\system32;C:\WINDOWS;C:\WINDOWS\System32\Wbem;C:\WINDOWS\System32\WindowsPowerShell\v1.0\;C:\WINDOWS\System32\OpenSSH\;C:\Program Files\Git\cmd;C:\Users\Franklin Reyes\AppData\Local\Microsoft\WindowsApps;;C:\Users\Franklin Reyes\AppData\Local\Programs\Microsoft VS Code\bin
USERNAME=Franklin Reyes
OS=Windows_NT
PROCESSOR_IDENTIFIER=AMD64 Family 23 Model 24 Stepping 1, AuthenticAMD
TMP=C:\Users\FRANKL~1\AppData\Local\Temp
TEMP=C:\Users\FRANKL~1\AppData\Local\Temp



Periodic native trim disabled

JNI global refs:
JNI global refs: 11, weak refs: 4

JNI global refs memory usage: 843, weak refs: 841

OOME stack traces (most recent first):
Classloader memory used:
Loader jdk.internal.loader.ClassLoaders$AppClassLoader                                 : 9688K
Loader bootstrap                                                                       : 1400K
Loader jdk.internal.reflect.DelegatingClassLoader                                      : 29046B


---------------  S Y S T E M  ---------------

OS:
 Windows 10 , 64 bit Build 19041 (10.0.19041.4957)
OS uptime: 1 days 5:35 hours

CPU: total 8 (initial active 8) (8 cores per cpu, 2 threads per core) family 23 model 24 stepping 1 microcode 0x0, cx8, cmov, fxsr, ht, mmx, 3dnowpref, sse, sse2, sse3, ssse3, sse4a, sse4.1, sse4.2, popcnt, lzcnt, tsc, tscinvbit, avx, avx2, aes, clmul, bmi1, bmi2, adx, sha, fma, vzeroupper, clflush, clflushopt
Processor Information for all 8 processors :
  Max Mhz: 2100, Current Mhz: 2100, Mhz Limit: 2100

Memory: 4k page, system-wide physical 10182M (321M free)
TotalPageFile size 40610M (AvailPageFile size 3M)
current process WorkingSet (physical memory assigned to process): 546M, peak: 550M
current process commit charge ("private bytes"): 895M, peak: 896M

vm_info: OpenJDK 64-Bit Server VM (17.0.10+0--11609105) for windows-amd64 JRE (17.0.10+0--11609105), built on Mar 21 2024 19:10:56 by "androidbuild" with MS VC++ 16.10 / 16.11 (VS2019)

END.
